{"/data/assets/fonts/Lato-Bold.ttf": {"path":"/data/assets/fonts/Lato-Bold.ttf","statementMap":{"0":{"start":{"line":1,"column":0},"end":{"line":1,"column":19}}},"fnMap":{},"branchMap":{},"s":{"0":3},"f":{},"b":{},"inputSourceMap":null,"_coverageSchema":"1a1c01bbd47fc00a2c39e90264f33305004495a9","hash":"65174a8af83b83e42249e161e9630d797513b626"}
,"/data/assets/fonts/Lato-Medium.ttf": {"path":"/data/assets/fonts/Lato-Medium.ttf","statementMap":{"0":{"start":{"line":1,"column":0},"end":{"line":1,"column":19}}},"fnMap":{},"branchMap":{},"s":{"0":3},"f":{},"b":{},"inputSourceMap":null,"_coverageSchema":"1a1c01bbd47fc00a2c39e90264f33305004495a9","hash":"2fb787a6858a61bb58b3a74e33c4ea8150c5bfa8"}
,"/data/assets/fonts/Lato-Regular.ttf": {"path":"/data/assets/fonts/Lato-Regular.ttf","statementMap":{"0":{"start":{"line":1,"column":0},"end":{"line":1,"column":19}}},"fnMap":{},"branchMap":{},"s":{"0":3},"f":{},"b":{},"inputSourceMap":null,"_coverageSchema":"1a1c01bbd47fc00a2c39e90264f33305004495a9","hash":"fe60998588f1feedb1836559f2c294c6e3687349"}
,"/data/assets/fonts/LatoSemibold.ttf": {"path":"/data/assets/fonts/LatoSemibold.ttf","statementMap":{"0":{"start":{"line":1,"column":0},"end":{"line":1,"column":19}}},"fnMap":{},"branchMap":{},"s":{"0":3},"f":{},"b":{},"inputSourceMap":null,"_coverageSchema":"1a1c01bbd47fc00a2c39e90264f33305004495a9","hash":"8195b66b439d45636581b66bd6e69b4857ed4c17"}
,"/data/assets/fonts/Octarine-Bold.otf": {"path":"/data/assets/fonts/Octarine-Bold.otf","statementMap":{"0":{"start":{"line":1,"column":0},"end":{"line":1,"column":19}}},"fnMap":{},"branchMap":{},"s":{"0":3},"f":{},"b":{},"inputSourceMap":null,"_coverageSchema":"1a1c01bbd47fc00a2c39e90264f33305004495a9","hash":"5064af63046f1dc2f451f3092e128e6e37dbafbc"}
,"/data/assets/fonts/Poppins-Regular.ttf": {"path":"/data/assets/fonts/Poppins-Regular.ttf","statementMap":{"0":{"start":{"line":1,"column":0},"end":{"line":1,"column":19}}},"fnMap":{},"branchMap":{},"s":{"0":3},"f":{},"b":{},"inputSourceMap":null,"_coverageSchema":"1a1c01bbd47fc00a2c39e90264f33305004495a9","hash":"2f1768264cd58ddda5e6ea5a442124cb48acf6eb"}
,"/data/assets/fonts/geomanist-regular-webfont.ttf": {"path":"/data/assets/fonts/geomanist-regular-webfont.ttf","statementMap":{"0":{"start":{"line":1,"column":0},"end":{"line":1,"column":19}}},"fnMap":{},"branchMap":{},"s":{"0":3},"f":{},"b":{},"inputSourceMap":null,"_coverageSchema":"1a1c01bbd47fc00a2c39e90264f33305004495a9","hash":"9dba8902362dcbbbe078c87d00ece469061c9183"}
,"/data/assets/images/default_profile_pic.jpg": {"path":"/data/assets/images/default_profile_pic.jpg","statementMap":{"0":{"start":{"line":1,"column":0},"end":{"line":1,"column":19}}},"fnMap":{},"branchMap":{},"s":{"0":2},"f":{},"b":{},"inputSourceMap":null,"_coverageSchema":"1a1c01bbd47fc00a2c39e90264f33305004495a9","hash":"34ccb395fb2ca5cdcc90a129c76751a40e33366d"}
,"/data/assets/images/sorry.jpg": {"path":"/data/assets/images/sorry.jpg","statementMap":{"0":{"start":{"line":1,"column":0},"end":{"line":1,"column":19}}},"fnMap":{},"branchMap":{},"s":{"0":1},"f":{},"b":{},"inputSourceMap":null,"_coverageSchema":"1a1c01bbd47fc00a2c39e90264f33305004495a9","hash":"2b0fd65d294bd4df83a962d15942c65efc4bf94b"}
,"/data/components/home/HorizontalScroller/HorizontalScroller.tsx": {"path":"/data/components/home/HorizontalScroller/HorizontalScroller.tsx","statementMap":{"0":{"start":{"line":10,"column":18},"end":{"line":10,"column":48}},"1":{"start":{"line":11,"column":19},"end":{"line":13,"column":33}},"2":{"start":{"line":24,"column":27},"end":{"line":124,"column":1}},"3":{"start":{"line":25,"column":44},"end":{"line":25,"column":55}},"4":{"start":{"line":26,"column":29},"end":{"line":26,"column":30}},"5":{"start":{"line":27,"column":25},"end":{"line":27,"column":36}},"6":{"start":{"line":28,"column":25},"end":{"line":28,"column":36}},"7":{"start":{"line":29,"column":25},"end":{"line":29,"column":36}},"8":{"start":{"line":30,"column":25},"end":{"line":30,"column":36}},"9":{"start":{"line":31,"column":22},"end":{"line":31,"column":31}},"10":{"start":{"line":32,"column":30},"end":{"line":32,"column":47}},"11":{"start":{"line":33,"column":23},"end":{"line":33,"column":32}},"12":{"start":{"line":34,"column":30},"end":{"line":34,"column":46}},"13":{"start":{"line":35,"column":21},"end":{"line":35,"column":23}},"14":{"start":{"line":36,"column":21},"end":{"line":36,"column":23}},"15":{"start":{"line":37,"column":21},"end":{"line":37,"column":23}},"16":{"start":{"line":38,"column":21},"end":{"line":38,"column":23}},"17":{"start":{"line":39,"column":4},"end":{"line":44,"column":5}},"18":{"start":{"line":40,"column":8},"end":{"line":40,"column":74}},"19":{"start":{"line":41,"column":8},"end":{"line":41,"column":74}},"20":{"start":{"line":42,"column":8},"end":{"line":42,"column":74}},"21":{"start":{"line":43,"column":8},"end":{"line":43,"column":74}},"22":{"start":{"line":47,"column":4},"end":{"line":123,"column":5}},"23":{"start":{"line":60,"column":37},"end":{"line":60,"column":76}},"24":{"start":{"line":126,"column":15},"end":{"line":146,"column":2}},"25":{"start":{"line":148,"column":35},"end":{"line":148,"column":65}}},"fnMap":{"0":{"name":"(anonymous_0)","decl":{"start":{"line":24,"column":27},"end":{"line":24,"column":28}},"loc":{"start":{"line":24,"column":101},"end":{"line":124,"column":1}},"line":24},"1":{"name":"(anonymous_1)","decl":{"start":{"line":60,"column":32},"end":{"line":60,"column":33}},"loc":{"start":{"line":60,"column":37},"end":{"line":60,"column":76}},"line":60}},"branchMap":{"0":{"loc":{"start":{"line":11,"column":19},"end":{"line":13,"column":33}},"type":"cond-expr","locations":[{"start":{"line":12,"column":2},"end":{"line":12,"column":59}},{"start":{"line":13,"column":2},"end":{"line":13,"column":33}}],"line":11},"1":{"loc":{"start":{"line":11,"column":19},"end":{"line":11,"column":102}},"type":"binary-expr","locations":[{"start":{"line":11,"column":19},"end":{"line":11,"column":43}},{"start":{"line":11,"column":47},"end":{"line":11,"column":70}},{"start":{"line":11,"column":74},"end":{"line":11,"column":102}}],"line":11}},"s":{"0":2,"1":2,"2":2,"3":9,"4":9,"5":9,"6":9,"7":9,"8":9,"9":9,"10":9,"11":9,"12":9,"13":9,"14":9,"15":9,"16":9,"17":9,"18":0,"19":0,"20":0,"21":0,"22":9,"23":0,"24":2,"25":2},"f":{"0":9,"1":0},"b":{"0":[0,2],"1":[2,0,0]},"_coverageSchema":"1a1c01bbd47fc00a2c39e90264f33305004495a9","hash":"f9d77db8c3a1dfa1888e276ab5e126d1ff3137b6"}
,"/data/components/home/LookMedia/LookMedia.tsx": {"path":"/data/components/home/LookMedia/LookMedia.tsx","statementMap":{"0":{"start":{"line":10,"column":13},"end":{"line":12,"column":1}},"1":{"start":{"line":13,"column":15},"end":{"line":15,"column":1}},"2":{"start":{"line":27,"column":19},"end":{"line":27,"column":50}},"3":{"start":{"line":28,"column":18},"end":{"line":28,"column":48}},"4":{"start":{"line":29,"column":18},"end":{"line":121,"column":1}},"5":{"start":{"line":39,"column":31},"end":{"line":39,"column":46}},"6":{"start":{"line":40,"column":33},"end":{"line":40,"column":48}},"7":{"start":{"line":41,"column":45},"end":{"line":41,"column":60}},"8":{"start":{"line":42,"column":43},"end":{"line":42,"column":117}},"9":{"start":{"line":43,"column":14},"end":{"line":47,"column":2}},"10":{"start":{"line":44,"column":2},"end":{"line":46,"column":5}},"11":{"start":{"line":45,"column":3},"end":{"line":45,"column":32}},"12":{"start":{"line":49,"column":1},"end":{"line":55,"column":21}},"13":{"start":{"line":50,"column":2},"end":{"line":53,"column":3}},"14":{"start":{"line":51,"column":3},"end":{"line":51,"column":22}},"15":{"start":{"line":52,"column":3},"end":{"line":52,"column":44}},"16":{"start":{"line":52,"column":25},"end":{"line":52,"column":42}},"17":{"start":{"line":56,"column":15},"end":{"line":68,"column":39}},"18":{"start":{"line":70,"column":1},"end":{"line":120,"column":2}},"19":{"start":{"line":71,"column":57},"end":{"line":71,"column":73}},"20":{"start":{"line":80,"column":15},"end":{"line":80,"column":34}},"21":{"start":{"line":81,"column":24},"end":{"line":81,"column":45}},"22":{"start":{"line":82,"column":24},"end":{"line":82,"column":46}},"23":{"start":{"line":83,"column":28},"end":{"line":83,"column":39}},"24":{"start":{"line":85,"column":6},"end":{"line":94,"column":25}},"25":{"start":{"line":86,"column":7},"end":{"line":86,"column":33}},"26":{"start":{"line":87,"column":7},"end":{"line":87,"column":31}},"27":{"start":{"line":95,"column":5},"end":{"line":111,"column":6}},"28":{"start":{"line":122,"column":15},"end":{"line":169,"column":2}},"29":{"start":{"line":171,"column":29},"end":{"line":171,"column":50}}},"fnMap":{"0":{"name":"(anonymous_0)","decl":{"start":{"line":29,"column":18},"end":{"line":29,"column":19}},"loc":{"start":{"line":38,"column":34},"end":{"line":121,"column":1}},"line":38},"1":{"name":"(anonymous_1)","decl":{"start":{"line":43,"column":14},"end":{"line":43,"column":15}},"loc":{"start":{"line":43,"column":32},"end":{"line":47,"column":2}},"line":43},"2":{"name":"(anonymous_2)","decl":{"start":{"line":44,"column":21},"end":{"line":44,"column":22}},"loc":{"start":{"line":44,"column":32},"end":{"line":46,"column":3}},"line":44},"3":{"name":"(anonymous_3)","decl":{"start":{"line":49,"column":11},"end":{"line":49,"column":12}},"loc":{"start":{"line":49,"column":17},"end":{"line":55,"column":2}},"line":49},"4":{"name":"(anonymous_4)","decl":{"start":{"line":52,"column":19},"end":{"line":52,"column":20}},"loc":{"start":{"line":52,"column":25},"end":{"line":52,"column":42}},"line":52},"5":{"name":"(anonymous_5)","decl":{"start":{"line":71,"column":49},"end":{"line":71,"column":50}},"loc":{"start":{"line":71,"column":55},"end":{"line":71,"column":75}},"line":71},"6":{"name":"(anonymous_6)","decl":{"start":{"line":79,"column":14},"end":{"line":79,"column":15}},"loc":{"start":{"line":79,"column":43},"end":{"line":112,"column":5}},"line":79},"7":{"name":"(anonymous_7)","decl":{"start":{"line":85,"column":76},"end":{"line":85,"column":77}},"loc":{"start":{"line":85,"column":82},"end":{"line":88,"column":7}},"line":85}},"branchMap":{"0":{"loc":{"start":{"line":50,"column":2},"end":{"line":53,"column":3}},"type":"if","locations":[{"start":{"line":50,"column":2},"end":{"line":53,"column":3}},{"start":{"line":50,"column":2},"end":{"line":53,"column":3}}],"line":50},"1":{"loc":{"start":{"line":56,"column":15},"end":{"line":68,"column":39}},"type":"cond-expr","locations":[{"start":{"line":57,"column":2},"end":{"line":57,"column":37}},{"start":{"line":68,"column":4},"end":{"line":68,"column":39}}],"line":56},"2":{"loc":{"start":{"line":98,"column":8},"end":{"line":101,"column":25}},"type":"cond-expr","locations":[{"start":{"line":99,"column":8},"end":{"line":101,"column":18}},{"start":{"line":101,"column":21},"end":{"line":101,"column":25}}],"line":98},"3":{"loc":{"start":{"line":98,"column":9},"end":{"line":98,"column":74}},"type":"binary-expr","locations":[{"start":{"line":98,"column":9},"end":{"line":98,"column":16}},{"start":{"line":98,"column":20},"end":{"line":98,"column":44}},{"start":{"line":98,"column":48},"end":{"line":98,"column":62}},{"start":{"line":98,"column":66},"end":{"line":98,"column":74}}],"line":98},"4":{"loc":{"start":{"line":102,"column":8},"end":{"line":105,"column":53}},"type":"cond-expr","locations":[{"start":{"line":103,"column":8},"end":{"line":105,"column":46}},{"start":{"line":105,"column":49},"end":{"line":105,"column":53}}],"line":102},"5":{"loc":{"start":{"line":102,"column":9},"end":{"line":102,"column":66}},"type":"binary-expr","locations":[{"start":{"line":102,"column":10},"end":{"line":102,"column":24}},{"start":{"line":102,"column":28},"end":{"line":102,"column":36}},{"start":{"line":102,"column":40},"end":{"line":102,"column":50}},{"start":{"line":102,"column":55},"end":{"line":102,"column":66}}],"line":102},"6":{"loc":{"start":{"line":106,"column":8},"end":{"line":109,"column":25}},"type":"cond-expr","locations":[{"start":{"line":107,"column":8},"end":{"line":109,"column":18}},{"start":{"line":109,"column":21},"end":{"line":109,"column":25}}],"line":106},"7":{"loc":{"start":{"line":106,"column":9},"end":{"line":106,"column":73}},"type":"binary-expr","locations":[{"start":{"line":106,"column":9},"end":{"line":106,"column":16}},{"start":{"line":106,"column":20},"end":{"line":106,"column":43}},{"start":{"line":106,"column":47},"end":{"line":106,"column":61}},{"start":{"line":106,"column":65},"end":{"line":106,"column":73}}],"line":106}},"s":{"0":3,"1":3,"2":3,"3":3,"4":3,"5":37,"6":37,"7":37,"8":37,"9":37,"10":6,"11":6,"12":37,"13":25,"14":6,"15":6,"16":0,"17":37,"18":37,"19":0,"20":0,"21":0,"22":0,"23":0,"24":0,"25":0,"26":0,"27":0,"28":3,"29":3},"f":{"0":37,"1":6,"2":6,"3":25,"4":0,"5":0,"6":0,"7":0},"b":{"0":[6,19],"1":[0,37],"2":[0,0],"3":[0,0,0,0],"4":[0,0],"5":[0,0,0,0],"6":[0,0],"7":[0,0,0,0]},"_coverageSchema":"1a1c01bbd47fc00a2c39e90264f33305004495a9","hash":"7ada43134a3bb1efda2835cad5c3935d7b431683"}
,"/data/components/home/SideBar/SideBar.tsx": {"path":"/data/components/home/SideBar/SideBar.tsx","statementMap":{"0":{"start":{"line":13,"column":19},"end":{"line":13,"column":50}},"1":{"start":{"line":14,"column":23},"end":{"line":80,"column":1}},"2":{"start":{"line":19,"column":38},"end":{"line":19,"column":55}},"3":{"start":{"line":20,"column":2},"end":{"line":79,"column":4}},"4":{"start":{"line":35,"column":12},"end":{"line":70,"column":14}},"5":{"start":{"line":44,"column":20},"end":{"line":44,"column":50}},"6":{"start":{"line":51,"column":20},"end":{"line":65,"column":32}},"7":{"start":{"line":54,"column":28},"end":{"line":56,"column":29}},"8":{"start":{"line":55,"column":30},"end":{"line":55,"column":69}},"9":{"start":{"line":61,"column":26},"end":{"line":63,"column":27}},"10":{"start":{"line":62,"column":28},"end":{"line":62,"column":67}},"11":{"start":{"line":81,"column":15},"end":{"line":89,"column":2}}},"fnMap":{"0":{"name":"(anonymous_0)","decl":{"start":{"line":14,"column":23},"end":{"line":14,"column":24}},"loc":{"start":{"line":18,"column":22},"end":{"line":80,"column":1}},"line":18},"1":{"name":"(anonymous_1)","decl":{"start":{"line":24,"column":19},"end":{"line":24,"column":20}},"loc":{"start":{"line":24,"column":25},"end":{"line":24,"column":28}},"line":24},"2":{"name":"(anonymous_2)","decl":{"start":{"line":34,"column":19},"end":{"line":34,"column":20}},"loc":{"start":{"line":34,"column":25},"end":{"line":71,"column":11}},"line":34},"3":{"name":"(anonymous_3)","decl":{"start":{"line":43,"column":27},"end":{"line":43,"column":28}},"loc":{"start":{"line":43,"column":33},"end":{"line":45,"column":19}},"line":43},"4":{"name":"(anonymous_4)","decl":{"start":{"line":50,"column":27},"end":{"line":50,"column":28}},"loc":{"start":{"line":51,"column":20},"end":{"line":65,"column":32}},"line":51},"5":{"name":"(anonymous_5)","decl":{"start":{"line":53,"column":32},"end":{"line":53,"column":33}},"loc":{"start":{"line":54,"column":28},"end":{"line":56,"column":29}},"line":54},"6":{"name":"(anonymous_6)","decl":{"start":{"line":54,"column":42},"end":{"line":54,"column":43}},"loc":{"start":{"line":55,"column":30},"end":{"line":55,"column":69}},"line":55},"7":{"name":"(anonymous_7)","decl":{"start":{"line":60,"column":30},"end":{"line":60,"column":31}},"loc":{"start":{"line":61,"column":26},"end":{"line":63,"column":27}},"line":61},"8":{"name":"(anonymous_8)","decl":{"start":{"line":61,"column":40},"end":{"line":61,"column":41}},"loc":{"start":{"line":62,"column":28},"end":{"line":62,"column":67}},"line":62}},"branchMap":{"0":{"loc":{"start":{"line":51,"column":20},"end":{"line":65,"column":32}},"type":"cond-expr","locations":[{"start":{"line":52,"column":24},"end":{"line":58,"column":34}},{"start":{"line":59,"column":24},"end":{"line":65,"column":32}}],"line":51},"1":{"loc":{"start":{"line":55,"column":30},"end":{"line":55,"column":69}},"type":"cond-expr","locations":[{"start":{"line":55,"column":54},"end":{"line":55,"column":59}},{"start":{"line":55,"column":62},"end":{"line":55,"column":69}}],"line":55},"2":{"loc":{"start":{"line":62,"column":28},"end":{"line":62,"column":67}},"type":"cond-expr","locations":[{"start":{"line":62,"column":52},"end":{"line":62,"column":57}},{"start":{"line":62,"column":60},"end":{"line":62,"column":67}}],"line":62}},"s":{"0":2,"1":2,"2":9,"3":9,"4":0,"5":0,"6":0,"7":0,"8":0,"9":0,"10":0,"11":2},"f":{"0":9,"1":0,"2":0,"3":0,"4":0,"5":0,"6":0,"7":0,"8":0},"b":{"0":[0,0],"1":[0,0],"2":[0,0]},"_coverageSchema":"1a1c01bbd47fc00a2c39e90264f33305004495a9","hash":"abbfc34ba4a60cc2b8b619e8fc403f68eb735d37"}
,"/data/components/notifications/HiddenItem/HiddenItem.tsx": {"path":"/data/components/notifications/HiddenItem/HiddenItem.tsx","statementMap":{"0":{"start":{"line":16,"column":26},"end":{"line":29,"column":1}},"1":{"start":{"line":17,"column":19},"end":{"line":17,"column":63}},"2":{"start":{"line":18,"column":4},"end":{"line":28,"column":5}},"3":{"start":{"line":20,"column":95},"end":{"line":20,"column":121}},"4":{"start":{"line":31,"column":15},"end":{"line":56,"column":2}}},"fnMap":{"0":{"name":"(anonymous_0)","decl":{"start":{"line":16,"column":26},"end":{"line":16,"column":27}},"loc":{"start":{"line":16,"column":70},"end":{"line":29,"column":1}},"line":16},"1":{"name":"(anonymous_1)","decl":{"start":{"line":20,"column":90},"end":{"line":20,"column":91}},"loc":{"start":{"line":20,"column":95},"end":{"line":20,"column":121}},"line":20}},"branchMap":{"0":{"loc":{"start":{"line":17,"column":19},"end":{"line":17,"column":63}},"type":"cond-expr","locations":[{"start":{"line":17,"column":56},"end":{"line":17,"column":59}},{"start":{"line":17,"column":61},"end":{"line":17,"column":63}}],"line":17}},"s":{"0":2,"1":12,"2":12,"3":1,"4":2},"f":{"0":12,"1":1},"b":{"0":[0,12]},"_coverageSchema":"1a1c01bbd47fc00a2c39e90264f33305004495a9","hash":"f4c219acbbec935f744d112d881ee98715172979"}
,"/data/components/notifications/VisibleItem/VisibleItem.tsx": {"path":"/data/components/notifications/VisibleItem/VisibleItem.tsx","statementMap":{"0":{"start":{"line":18,"column":27},"end":{"line":55,"column":1}},"1":{"start":{"line":19,"column":17},"end":{"line":19,"column":60}},"2":{"start":{"line":20,"column":2},"end":{"line":54,"column":3}},"3":{"start":{"line":57,"column":15},"end":{"line":96,"column":2}}},"fnMap":{"0":{"name":"(anonymous_0)","decl":{"start":{"line":18,"column":27},"end":{"line":18,"column":28}},"loc":{"start":{"line":18,"column":57},"end":{"line":55,"column":1}},"line":18}},"branchMap":{"0":{"loc":{"start":{"line":19,"column":17},"end":{"line":19,"column":60}},"type":"cond-expr","locations":[{"start":{"line":19,"column":53},"end":{"line":19,"column":56}},{"start":{"line":19,"column":58},"end":{"line":19,"column":60}}],"line":19},"1":{"loc":{"start":{"line":23,"column":9},"end":{"line":30,"column":16}},"type":"cond-expr","locations":[{"start":{"line":24,"column":10},"end":{"line":29,"column":39}},{"start":{"line":30,"column":12},"end":{"line":30,"column":16}}],"line":23},"2":{"loc":{"start":{"line":31,"column":9},"end":{"line":49,"column":17}},"type":"cond-expr","locations":[{"start":{"line":32,"column":10},"end":{"line":43,"column":17}},{"start":{"line":44,"column":10},"end":{"line":49,"column":17}}],"line":31},"3":{"loc":{"start":{"line":37,"column":15},"end":{"line":41,"column":30}},"type":"cond-expr","locations":[{"start":{"line":38,"column":16},"end":{"line":41,"column":23}},{"start":{"line":41,"column":26},"end":{"line":41,"column":30}}],"line":37}},"s":{"0":2,"1":17,"2":17,"3":2},"f":{"0":17},"b":{"0":[5,12],"1":[4,13],"2":[5,12],"3":[0,5]},"_coverageSchema":"1a1c01bbd47fc00a2c39e90264f33305004495a9","hash":"416a32f08793dda2764ed8f2e94d3c48a9741b6b"}
,"/data/components/orderScreenComponents/OrderCard/index.tsx": {"path":"/data/components/orderScreenComponents/OrderCard/index.tsx","statementMap":{"0":{"start":{"line":9,"column":26},"end":{"line":14,"column":1}},"1":{"start":{"line":16,"column":25},"end":{"line":63,"column":1}},"2":{"start":{"line":17,"column":4},"end":{"line":62,"column":4}}},"fnMap":{"0":{"name":"(anonymous_0)","decl":{"start":{"line":16,"column":25},"end":{"line":16,"column":26}},"loc":{"start":{"line":16,"column":64},"end":{"line":63,"column":1}},"line":16}},"branchMap":{"0":{"loc":{"start":{"line":26,"column":13},"end":{"line":30,"column":13}},"type":"cond-expr","locations":[{"start":{"line":27,"column":14},"end":{"line":27,"column":78}},{"start":{"line":29,"column":14},"end":{"line":29,"column":73}}],"line":26}},"s":{"0":1,"1":1,"2":0},"f":{"0":0},"b":{"0":[0,0]},"_coverageSchema":"1a1c01bbd47fc00a2c39e90264f33305004495a9","hash":"9627c9b331b1fde876f741832b331d5f6eb60a16"}
,"/data/components/orderScreenComponents/OrderCard/styles.tsx": {"path":"/data/components/orderScreenComponents/OrderCard/styles.tsx","statementMap":{"0":{"start":{"line":4,"column":22},"end":{"line":95,"column":2}}},"fnMap":{},"branchMap":{},"s":{"0":1},"f":{},"b":{},"_coverageSchema":"1a1c01bbd47fc00a2c39e90264f33305004495a9","hash":"536e5391ca3f58cf7d1ba4fe65e35709f112a1eb"}
,"/data/components/orderScreenComponents/OrderItem/OrderItem.tsx": {"path":"/data/components/orderScreenComponents/OrderItem/OrderItem.tsx","statementMap":{"0":{"start":{"line":18,"column":20},"end":{"line":18,"column":50}},"1":{"start":{"line":19,"column":21},"end":{"line":19,"column":52}},"2":{"start":{"line":22,"column":25},"end":{"line":173,"column":1}},"3":{"start":{"line":23,"column":42},"end":{"line":23,"column":53}},"4":{"start":{"line":24,"column":40},"end":{"line":24,"column":51}},"5":{"start":{"line":25,"column":44},"end":{"line":25,"column":59}},"6":{"start":{"line":26,"column":43},"end":{"line":26,"column":58}},"7":{"start":{"line":27,"column":40},"end":{"line":27,"column":54}},"8":{"start":{"line":28,"column":60},"end":{"line":28,"column":75}},"9":{"start":{"line":29,"column":21},"end":{"line":29,"column":34}},"10":{"start":{"line":30,"column":17},"end":{"line":30,"column":73}},"11":{"start":{"line":30,"column":51},"end":{"line":30,"column":72}},"12":{"start":{"line":31,"column":24},"end":{"line":41,"column":5}},"13":{"start":{"line":32,"column":8},"end":{"line":40,"column":9}},"14":{"start":{"line":33,"column":12},"end":{"line":33,"column":106}},"15":{"start":{"line":34,"column":12},"end":{"line":34,"column":35}},"16":{"start":{"line":35,"column":12},"end":{"line":35,"column":33}},"17":{"start":{"line":38,"column":12},"end":{"line":38,"column":35}},"18":{"start":{"line":39,"column":12},"end":{"line":39,"column":42}},"19":{"start":{"line":42,"column":25},"end":{"line":47,"column":5}},"20":{"start":{"line":43,"column":8},"end":{"line":43,"column":31}},"21":{"start":{"line":44,"column":8},"end":{"line":44,"column":30}},"22":{"start":{"line":45,"column":8},"end":{"line":45,"column":39}},"23":{"start":{"line":46,"column":8},"end":{"line":46,"column":28}},"24":{"start":{"line":48,"column":4},"end":{"line":172,"column":5}},"25":{"start":{"line":85,"column":39},"end":{"line":85,"column":52}},"26":{"start":{"line":92,"column":28},"end":{"line":107,"column":29}},"27":{"start":{"line":99,"column":40},"end":{"line":99,"column":61}},"28":{"start":{"line":114,"column":28},"end":{"line":127,"column":29}},"29":{"start":{"line":117,"column":40},"end":{"line":117,"column":62}},"30":{"start":{"line":136,"column":41},"end":{"line":136,"column":63}},"31":{"start":{"line":136,"column":64},"end":{"line":136,"column":84}},"32":{"start":{"line":150,"column":45},"end":{"line":150,"column":75}},"33":{"start":{"line":174,"column":15},"end":{"line":291,"column":2}}},"fnMap":{"0":{"name":"(anonymous_0)","decl":{"start":{"line":22,"column":25},"end":{"line":22,"column":26}},"loc":{"start":{"line":22,"column":98},"end":{"line":173,"column":1}},"line":22},"1":{"name":"(anonymous_1)","decl":{"start":{"line":30,"column":29},"end":{"line":30,"column":30}},"loc":{"start":{"line":30,"column":51},"end":{"line":30,"column":72}},"line":30},"2":{"name":"(anonymous_2)","decl":{"start":{"line":31,"column":24},"end":{"line":31,"column":25}},"loc":{"start":{"line":31,"column":30},"end":{"line":41,"column":5}},"line":31},"3":{"name":"(anonymous_3)","decl":{"start":{"line":42,"column":25},"end":{"line":42,"column":26}},"loc":{"start":{"line":42,"column":31},"end":{"line":47,"column":5}},"line":42},"4":{"name":"(anonymous_4)","decl":{"start":{"line":85,"column":33},"end":{"line":85,"column":34}},"loc":{"start":{"line":85,"column":39},"end":{"line":85,"column":52}},"line":85},"5":{"name":"(anonymous_5)","decl":{"start":{"line":91,"column":61},"end":{"line":91,"column":62}},"loc":{"start":{"line":91,"column":78},"end":{"line":109,"column":25}},"line":91},"6":{"name":"(anonymous_6)","decl":{"start":{"line":98,"column":36},"end":{"line":98,"column":37}},"loc":{"start":{"line":98,"column":42},"end":{"line":100,"column":37}},"line":98},"7":{"name":"(anonymous_7)","decl":{"start":{"line":113,"column":63},"end":{"line":113,"column":64}},"loc":{"start":{"line":113,"column":81},"end":{"line":128,"column":25}},"line":113},"8":{"name":"(anonymous_8)","decl":{"start":{"line":116,"column":36},"end":{"line":116,"column":37}},"loc":{"start":{"line":116,"column":42},"end":{"line":118,"column":37}},"line":116},"9":{"name":"(anonymous_9)","decl":{"start":{"line":136,"column":33},"end":{"line":136,"column":34}},"loc":{"start":{"line":136,"column":39},"end":{"line":136,"column":86}},"line":136},"10":{"name":"(anonymous_10)","decl":{"start":{"line":150,"column":37},"end":{"line":150,"column":38}},"loc":{"start":{"line":150,"column":43},"end":{"line":150,"column":77}},"line":150},"11":{"name":"(anonymous_11)","decl":{"start":{"line":165,"column":37},"end":{"line":165,"column":38}},"loc":{"start":{"line":165,"column":43},"end":{"line":165,"column":46}},"line":165}},"branchMap":{"0":{"loc":{"start":{"line":32,"column":8},"end":{"line":40,"column":9}},"type":"if","locations":[{"start":{"line":32,"column":8},"end":{"line":40,"column":9}},{"start":{"line":32,"column":8},"end":{"line":40,"column":9}}],"line":32},"1":{"loc":{"start":{"line":32,"column":12},"end":{"line":32,"column":52}},"type":"binary-expr","locations":[{"start":{"line":32,"column":12},"end":{"line":32,"column":22}},{"start":{"line":32,"column":26},"end":{"line":32,"column":38}},{"start":{"line":32,"column":42},"end":{"line":32,"column":52}}],"line":32},"2":{"loc":{"start":{"line":50,"column":13},"end":{"line":54,"column":30}},"type":"cond-expr","locations":[{"start":{"line":51,"column":16},"end":{"line":54,"column":23}},{"start":{"line":54,"column":26},"end":{"line":54,"column":30}}],"line":50},"3":{"loc":{"start":{"line":55,"column":13},"end":{"line":77,"column":30}},"type":"cond-expr","locations":[{"start":{"line":56,"column":16},"end":{"line":77,"column":23}},{"start":{"line":77,"column":26},"end":{"line":77,"column":30}}],"line":55},"4":{"loc":{"start":{"line":55,"column":14},"end":{"line":55,"column":40}},"type":"binary-expr","locations":[{"start":{"line":55,"column":14},"end":{"line":55,"column":26}},{"start":{"line":55,"column":30},"end":{"line":55,"column":40}}],"line":55},"5":{"loc":{"start":{"line":64,"column":25},"end":{"line":74,"column":42}},"type":"cond-expr","locations":[{"start":{"line":65,"column":28},"end":{"line":74,"column":35}},{"start":{"line":74,"column":38},"end":{"line":74,"column":42}}],"line":64},"6":{"loc":{"start":{"line":78,"column":13},"end":{"line":86,"column":61}},"type":"cond-expr","locations":[{"start":{"line":79,"column":16},"end":{"line":86,"column":54}},{"start":{"line":86,"column":57},"end":{"line":86,"column":61}}],"line":78},"7":{"loc":{"start":{"line":87,"column":13},"end":{"line":138,"column":30}},"type":"cond-expr","locations":[{"start":{"line":88,"column":16},"end":{"line":138,"column":23}},{"start":{"line":138,"column":26},"end":{"line":138,"column":30}}],"line":87},"8":{"loc":{"start":{"line":91,"column":25},"end":{"line":109,"column":33}},"type":"cond-expr","locations":[{"start":{"line":91,"column":43},"end":{"line":109,"column":26}},{"start":{"line":109,"column":29},"end":{"line":109,"column":33}}],"line":91},"9":{"loc":{"start":{"line":95,"column":53},"end":{"line":95,"column":103}},"type":"cond-expr","locations":[{"start":{"line":95,"column":77},"end":{"line":95,"column":93}},{"start":{"line":95,"column":96},"end":{"line":95,"column":103}}],"line":95},"10":{"loc":{"start":{"line":104,"column":47},"end":{"line":104,"column":96}},"type":"cond-expr","locations":[{"start":{"line":104,"column":71},"end":{"line":104,"column":78}},{"start":{"line":104,"column":81},"end":{"line":104,"column":96}}],"line":104},"11":{"loc":{"start":{"line":113,"column":25},"end":{"line":128,"column":33}},"type":"cond-expr","locations":[{"start":{"line":113,"column":44},"end":{"line":128,"column":26}},{"start":{"line":128,"column":29},"end":{"line":128,"column":33}}],"line":113},"12":{"loc":{"start":{"line":124,"column":41},"end":{"line":124,"column":151}},"type":"cond-expr","locations":[{"start":{"line":124,"column":66},"end":{"line":124,"column":144}},{"start":{"line":124,"column":147},"end":{"line":124,"column":151}}],"line":124},"13":{"loc":{"start":{"line":140,"column":13},"end":{"line":153,"column":30}},"type":"cond-expr","locations":[{"start":{"line":141,"column":16},"end":{"line":153,"column":23}},{"start":{"line":153,"column":26},"end":{"line":153,"column":30}}],"line":140},"14":{"loc":{"start":{"line":154,"column":13},"end":{"line":168,"column":30}},"type":"cond-expr","locations":[{"start":{"line":155,"column":16},"end":{"line":168,"column":23}},{"start":{"line":168,"column":26},"end":{"line":168,"column":30}}],"line":154}},"s":{"0":4,"1":4,"2":4,"3":44,"4":44,"5":44,"6":44,"7":44,"8":44,"9":44,"10":44,"11":0,"12":44,"13":1,"14":0,"15":0,"16":0,"17":1,"18":1,"19":44,"20":0,"21":0,"22":0,"23":0,"24":44,"25":1,"26":6,"27":1,"28":3,"29":0,"30":2,"31":2,"32":0,"33":4},"f":{"0":44,"1":0,"2":1,"3":0,"4":1,"5":6,"6":1,"7":3,"8":0,"9":2,"10":0,"11":0},"b":{"0":[0,1],"1":[1,1,0],"2":[2,42],"3":[43,1],"4":[44,42],"5":[2,41],"6":[2,42],"7":[41,3],"8":[41,0],"9":[3,3],"10":[3,3],"11":[41,0],"12":[3,0],"13":[0,44],"14":[1,43]},"_coverageSchema":"1a1c01bbd47fc00a2c39e90264f33305004495a9","hash":"f8e398053fb7a7b4cb4c053a4c1703bb1668da2f"}
,"/data/components/shared/CallOut/index.tsx": {"path":"/data/components/shared/CallOut/index.tsx","statementMap":{"0":{"start":{"line":10,"column":23},"end":{"line":84,"column":1}},"1":{"start":{"line":11,"column":26},"end":{"line":76,"column":5}},"2":{"start":{"line":12,"column":8},"end":{"line":75,"column":9}},"3":{"start":{"line":13,"column":12},"end":{"line":26,"column":14}},"4":{"start":{"line":28,"column":13},"end":{"line":75,"column":9}},"5":{"start":{"line":29,"column":12},"end":{"line":42,"column":14}},"6":{"start":{"line":44,"column":13},"end":{"line":75,"column":9}},"7":{"start":{"line":45,"column":12},"end":{"line":58,"column":14}},"8":{"start":{"line":61,"column":12},"end":{"line":74,"column":14}},"9":{"start":{"line":78,"column":4},"end":{"line":82,"column":5}}},"fnMap":{"0":{"name":"(anonymous_0)","decl":{"start":{"line":10,"column":23},"end":{"line":10,"column":24}},"loc":{"start":{"line":10,"column":85},"end":{"line":84,"column":1}},"line":10},"1":{"name":"(anonymous_1)","decl":{"start":{"line":11,"column":26},"end":{"line":11,"column":27}},"loc":{"start":{"line":11,"column":32},"end":{"line":76,"column":5}},"line":11}},"branchMap":{"0":{"loc":{"start":{"line":12,"column":8},"end":{"line":75,"column":9}},"type":"if","locations":[{"start":{"line":12,"column":8},"end":{"line":75,"column":9}},{"start":{"line":12,"column":8},"end":{"line":75,"column":9}}],"line":12},"1":{"loc":{"start":{"line":28,"column":13},"end":{"line":75,"column":9}},"type":"if","locations":[{"start":{"line":28,"column":13},"end":{"line":75,"column":9}},{"start":{"line":28,"column":13},"end":{"line":75,"column":9}}],"line":28},"2":{"loc":{"start":{"line":44,"column":13},"end":{"line":75,"column":9}},"type":"if","locations":[{"start":{"line":44,"column":13},"end":{"line":75,"column":9}},{"start":{"line":44,"column":13},"end":{"line":75,"column":9}}],"line":44}},"s":{"0":4,"1":7,"2":7,"3":4,"4":3,"5":1,"6":2,"7":1,"8":1,"9":7},"f":{"0":7,"1":7},"b":{"0":[4,3],"1":[1,2],"2":[1,1]},"_coverageSchema":"1a1c01bbd47fc00a2c39e90264f33305004495a9","hash":"8edbdaacdc2b1d40fe825365ac82f3f191dfa9e4"}
,"/data/components/shared/CallOut/styles.tsx": {"path":"/data/components/shared/CallOut/styles.tsx","statementMap":{"0":{"start":{"line":3,"column":22},"end":{"line":63,"column":2}}},"fnMap":{},"branchMap":{},"s":{"0":4},"f":{},"b":{},"_coverageSchema":"1a1c01bbd47fc00a2c39e90264f33305004495a9","hash":"f6bcaa153cfca8d68f3fc6198ee37b64067b0150"}
,"/data/components/shared/Popup/index.tsx": {"path":"/data/components/shared/Popup/index.tsx","statementMap":{"0":{"start":{"line":9,"column":21},"end":{"line":48,"column":1}},"1":{"start":{"line":10,"column":23},"end":{"line":13,"column":5}},"2":{"start":{"line":11,"column":8},"end":{"line":11,"column":60}},"3":{"start":{"line":12,"column":8},"end":{"line":12,"column":45}},"4":{"start":{"line":15,"column":4},"end":{"line":47,"column":5}},"5":{"start":{"line":28,"column":136},"end":{"line":28,"column":148}}},"fnMap":{"0":{"name":"(anonymous_0)","decl":{"start":{"line":9,"column":21},"end":{"line":9,"column":22}},"loc":{"start":{"line":9,"column":99},"end":{"line":48,"column":1}},"line":9},"1":{"name":"(anonymous_1)","decl":{"start":{"line":10,"column":23},"end":{"line":10,"column":24}},"loc":{"start":{"line":10,"column":29},"end":{"line":13,"column":5}},"line":10},"2":{"name":"(anonymous_2)","decl":{"start":{"line":28,"column":130},"end":{"line":28,"column":131}},"loc":{"start":{"line":28,"column":136},"end":{"line":28,"column":148}},"line":28}},"branchMap":{"0":{"loc":{"start":{"line":11,"column":8},"end":{"line":11,"column":59}},"type":"cond-expr","locations":[{"start":{"line":11,"column":28},"end":{"line":11,"column":52}},{"start":{"line":11,"column":55},"end":{"line":11,"column":59}}],"line":11},"1":{"loc":{"start":{"line":12,"column":8},"end":{"line":12,"column":44}},"type":"cond-expr","locations":[{"start":{"line":12,"column":23},"end":{"line":12,"column":37}},{"start":{"line":12,"column":40},"end":{"line":12,"column":44}}],"line":12},"2":{"loc":{"start":{"line":17,"column":13},"end":{"line":44,"column":24}},"type":"cond-expr","locations":[{"start":{"line":18,"column":16},"end":{"line":33,"column":24}},{"start":{"line":34,"column":16},"end":{"line":44,"column":24}}],"line":17}},"s":{"0":5,"1":48,"2":1,"3":1,"4":48,"5":1},"f":{"0":48,"1":1,"2":1},"b":{"0":[1,0],"1":[0,1],"2":[46,2]},"_coverageSchema":"1a1c01bbd47fc00a2c39e90264f33305004495a9","hash":"3e74f67749e0ef95081ca23c6d638b5e3190204b"}
,"/data/components/shared/Popup/styles.tsx": {"path":"/data/components/shared/Popup/styles.tsx","statementMap":{"0":{"start":{"line":2,"column":20},"end":{"line":2,"column":50}},"1":{"start":{"line":3,"column":21},"end":{"line":3,"column":52}},"2":{"start":{"line":5,"column":22},"end":{"line":33,"column":2}}},"fnMap":{},"branchMap":{},"s":{"0":5,"1":5,"2":5},"f":{},"b":{},"_coverageSchema":"1a1c01bbd47fc00a2c39e90264f33305004495a9","hash":"d8524fc9d16f2730ee2ec43d3a10b5164f42ee5d"}
,"/data/components/shared/Tag/index.tsx": {"path":"/data/components/shared/Tag/index.tsx","statementMap":{"0":{"start":{"line":6,"column":19},"end":{"line":18,"column":1}},"1":{"start":{"line":9,"column":4},"end":{"line":17,"column":5}},"2":{"start":{"line":12,"column":28},"end":{"line":12,"column":41}}},"fnMap":{"0":{"name":"(anonymous_0)","decl":{"start":{"line":6,"column":19},"end":{"line":6,"column":20}},"loc":{"start":{"line":6,"column":87},"end":{"line":18,"column":1}},"line":6},"1":{"name":"(anonymous_1)","decl":{"start":{"line":12,"column":21},"end":{"line":12,"column":22}},"loc":{"start":{"line":12,"column":26},"end":{"line":12,"column":42}},"line":12}},"branchMap":{"0":{"loc":{"start":{"line":14,"column":25},"end":{"line":14,"column":116}},"type":"cond-expr","locations":[{"start":{"line":14,"column":34},"end":{"line":14,"column":108}},{"start":{"line":14,"column":109},"end":{"line":14,"column":116}}],"line":14}},"s":{"0":1,"1":4,"2":3},"f":{"0":4,"1":3},"b":{"0":[3,1]},"_coverageSchema":"1a1c01bbd47fc00a2c39e90264f33305004495a9","hash":"e95187d16126bda07b2512810f3094016e3d4800"}
,"/data/components/shared/VerticalScroller/VerticalScroller.tsx": {"path":"/data/components/shared/VerticalScroller/VerticalScroller.tsx","statementMap":{"0":{"start":{"line":13,"column":29},"end":{"line":13,"column":30}},"1":{"start":{"line":23,"column":32},"end":{"line":125,"column":1}},"2":{"start":{"line":24,"column":44},"end":{"line":24,"column":55}},"3":{"start":{"line":25,"column":40},"end":{"line":25,"column":55}},"4":{"start":{"line":26,"column":42},"end":{"line":26,"column":57}},"5":{"start":{"line":27,"column":34},"end":{"line":27,"column":49}},"6":{"start":{"line":28,"column":38},"end":{"line":28,"column":52}},"7":{"start":{"line":29,"column":38},"end":{"line":29,"column":53}},"8":{"start":{"line":30,"column":17},"end":{"line":34,"column":5}},"9":{"start":{"line":31,"column":8},"end":{"line":33,"column":11}},"10":{"start":{"line":32,"column":12},"end":{"line":32,"column":41}},"11":{"start":{"line":36,"column":28},"end":{"line":42,"column":5}},"12":{"start":{"line":37,"column":8},"end":{"line":40,"column":10}},"13":{"start":{"line":38,"column":12},"end":{"line":38,"column":30}},"14":{"start":{"line":39,"column":12},"end":{"line":39,"column":29}},"15":{"start":{"line":39,"column":22},"end":{"line":39,"column":29}},"16":{"start":{"line":41,"column":8},"end":{"line":41,"column":20}},"17":{"start":{"line":44,"column":4},"end":{"line":53,"column":11}},"18":{"start":{"line":45,"column":8},"end":{"line":48,"column":10}},"19":{"start":{"line":46,"column":12},"end":{"line":46,"column":30}},"20":{"start":{"line":47,"column":12},"end":{"line":47,"column":29}},"21":{"start":{"line":47,"column":22},"end":{"line":47,"column":29}},"22":{"start":{"line":49,"column":8},"end":{"line":49,"column":25}},"23":{"start":{"line":50,"column":8},"end":{"line":52,"column":11}},"24":{"start":{"line":51,"column":12},"end":{"line":51,"column":30}},"25":{"start":{"line":55,"column":4},"end":{"line":69,"column":38}},"26":{"start":{"line":56,"column":8},"end":{"line":59,"column":9}},"27":{"start":{"line":57,"column":12},"end":{"line":57,"column":33}},"28":{"start":{"line":58,"column":12},"end":{"line":58,"column":57}},"29":{"start":{"line":58,"column":34},"end":{"line":58,"column":55}},"30":{"start":{"line":60,"column":34},"end":{"line":61,"column":62}},"31":{"start":{"line":62,"column":8},"end":{"line":68,"column":9}},"32":{"start":{"line":63,"column":12},"end":{"line":63,"column":29}},"33":{"start":{"line":64,"column":12},"end":{"line":64,"column":32}},"34":{"start":{"line":65,"column":12},"end":{"line":67,"column":15}},"35":{"start":{"line":66,"column":16},"end":{"line":66,"column":34}},"36":{"start":{"line":71,"column":22},"end":{"line":78,"column":10}},"37":{"start":{"line":72,"column":8},"end":{"line":72,"column":28}},"38":{"start":{"line":73,"column":8},"end":{"line":73,"column":25}},"39":{"start":{"line":74,"column":8},"end":{"line":74,"column":29}},"40":{"start":{"line":75,"column":8},"end":{"line":75,"column":48}},"41":{"start":{"line":76,"column":8},"end":{"line":76,"column":26}},"42":{"start":{"line":77,"column":8},"end":{"line":77,"column":52}},"43":{"start":{"line":77,"column":30},"end":{"line":77,"column":50}},"44":{"start":{"line":80,"column":24},"end":{"line":90,"column":10}},"45":{"start":{"line":81,"column":28},"end":{"line":81,"column":55}},"46":{"start":{"line":82,"column":23},"end":{"line":82,"column":54}},"47":{"start":{"line":83,"column":22},"end":{"line":83,"column":67}},"48":{"start":{"line":84,"column":8},"end":{"line":87,"column":9}},"49":{"start":{"line":85,"column":12},"end":{"line":85,"column":33}},"50":{"start":{"line":86,"column":12},"end":{"line":86,"column":57}},"51":{"start":{"line":86,"column":34},"end":{"line":86,"column":55}},"52":{"start":{"line":88,"column":8},"end":{"line":88,"column":33}},"53":{"start":{"line":89,"column":8},"end":{"line":89,"column":27}},"54":{"start":{"line":92,"column":4},"end":{"line":124,"column":5}},"55":{"start":{"line":100,"column":53},"end":{"line":100,"column":73}},"56":{"start":{"line":103,"column":28},"end":{"line":112,"column":30}},"57":{"start":{"line":127,"column":15},"end":{"line":148,"column":2}}},"fnMap":{"0":{"name":"(anonymous_0)","decl":{"start":{"line":23,"column":32},"end":{"line":23,"column":33}},"loc":{"start":{"line":23,"column":118},"end":{"line":125,"column":1}},"line":23},"1":{"name":"(anonymous_1)","decl":{"start":{"line":30,"column":17},"end":{"line":30,"column":18}},"loc":{"start":{"line":30,"column":35},"end":{"line":34,"column":5}},"line":30},"2":{"name":"(anonymous_2)","decl":{"start":{"line":31,"column":27},"end":{"line":31,"column":28}},"loc":{"start":{"line":31,"column":38},"end":{"line":33,"column":9}},"line":31},"3":{"name":"(anonymous_3)","decl":{"start":{"line":36,"column":28},"end":{"line":36,"column":29}},"loc":{"start":{"line":36,"column":34},"end":{"line":42,"column":5}},"line":36},"4":{"name":"(anonymous_4)","decl":{"start":{"line":37,"column":30},"end":{"line":37,"column":31}},"loc":{"start":{"line":37,"column":70},"end":{"line":40,"column":9}},"line":37},"5":{"name":"(anonymous_5)","decl":{"start":{"line":44,"column":14},"end":{"line":44,"column":15}},"loc":{"start":{"line":44,"column":20},"end":{"line":53,"column":5}},"line":44},"6":{"name":"(anonymous_6)","decl":{"start":{"line":45,"column":30},"end":{"line":45,"column":31}},"loc":{"start":{"line":45,"column":70},"end":{"line":48,"column":9}},"line":45},"7":{"name":"(anonymous_7)","decl":{"start":{"line":50,"column":47},"end":{"line":50,"column":48}},"loc":{"start":{"line":50,"column":53},"end":{"line":52,"column":9}},"line":50},"8":{"name":"(anonymous_8)","decl":{"start":{"line":55,"column":14},"end":{"line":55,"column":15}},"loc":{"start":{"line":55,"column":20},"end":{"line":69,"column":5}},"line":55},"9":{"name":"(anonymous_9)","decl":{"start":{"line":58,"column":28},"end":{"line":58,"column":29}},"loc":{"start":{"line":58,"column":34},"end":{"line":58,"column":55}},"line":58},"10":{"name":"(anonymous_10)","decl":{"start":{"line":65,"column":51},"end":{"line":65,"column":52}},"loc":{"start":{"line":65,"column":57},"end":{"line":67,"column":13}},"line":65},"11":{"name":"(anonymous_11)","decl":{"start":{"line":71,"column":40},"end":{"line":71,"column":41}},"loc":{"start":{"line":71,"column":52},"end":{"line":78,"column":5}},"line":71},"12":{"name":"(anonymous_12)","decl":{"start":{"line":77,"column":24},"end":{"line":77,"column":25}},"loc":{"start":{"line":77,"column":30},"end":{"line":77,"column":50}},"line":77},"13":{"name":"(anonymous_13)","decl":{"start":{"line":80,"column":42},"end":{"line":80,"column":43}},"loc":{"start":{"line":80,"column":54},"end":{"line":90,"column":5}},"line":80},"14":{"name":"(anonymous_14)","decl":{"start":{"line":86,"column":28},"end":{"line":86,"column":29}},"loc":{"start":{"line":86,"column":34},"end":{"line":86,"column":55}},"line":86},"15":{"name":"(anonymous_15)","decl":{"start":{"line":100,"column":38},"end":{"line":100,"column":39}},"loc":{"start":{"line":100,"column":53},"end":{"line":100,"column":73}},"line":100},"16":{"name":"(anonymous_16)","decl":{"start":{"line":102,"column":36},"end":{"line":102,"column":37}},"loc":{"start":{"line":102,"column":57},"end":{"line":113,"column":25}},"line":102}},"branchMap":{"0":{"loc":{"start":{"line":39,"column":12},"end":{"line":39,"column":29}},"type":"if","locations":[{"start":{"line":39,"column":12},"end":{"line":39,"column":29}},{"start":{"line":39,"column":12},"end":{"line":39,"column":29}}],"line":39},"1":{"loc":{"start":{"line":47,"column":12},"end":{"line":47,"column":29}},"type":"if","locations":[{"start":{"line":47,"column":12},"end":{"line":47,"column":29}},{"start":{"line":47,"column":12},"end":{"line":47,"column":29}}],"line":47},"2":{"loc":{"start":{"line":56,"column":8},"end":{"line":59,"column":9}},"type":"if","locations":[{"start":{"line":56,"column":8},"end":{"line":59,"column":9}},{"start":{"line":56,"column":8},"end":{"line":59,"column":9}}],"line":56},"3":{"loc":{"start":{"line":60,"column":34},"end":{"line":61,"column":62}},"type":"binary-expr","locations":[{"start":{"line":60,"column":34},"end":{"line":60,"column":90}},{"start":{"line":61,"column":14},"end":{"line":61,"column":47}},{"start":{"line":61,"column":52},"end":{"line":61,"column":61}}],"line":60},"4":{"loc":{"start":{"line":62,"column":8},"end":{"line":68,"column":9}},"type":"if","locations":[{"start":{"line":62,"column":8},"end":{"line":68,"column":9}},{"start":{"line":62,"column":8},"end":{"line":68,"column":9}}],"line":62},"5":{"loc":{"start":{"line":62,"column":12},"end":{"line":62,"column":44}},"type":"binary-expr","locations":[{"start":{"line":62,"column":12},"end":{"line":62,"column":20}},{"start":{"line":62,"column":25},"end":{"line":62,"column":43}}],"line":62},"6":{"loc":{"start":{"line":84,"column":8},"end":{"line":87,"column":9}},"type":"if","locations":[{"start":{"line":84,"column":8},"end":{"line":87,"column":9}},{"start":{"line":84,"column":8},"end":{"line":87,"column":9}}],"line":84},"7":{"loc":{"start":{"line":94,"column":13},"end":{"line":121,"column":23}},"type":"cond-expr","locations":[{"start":{"line":94,"column":28},"end":{"line":94,"column":70}},{"start":{"line":95,"column":17},"end":{"line":121,"column":22}}],"line":94},"8":{"loc":{"start":{"line":95,"column":17},"end":{"line":121,"column":22}},"type":"cond-expr","locations":[{"start":{"line":96,"column":21},"end":{"line":96,"column":65}},{"start":{"line":97,"column":20},"end":{"line":121,"column":22}}],"line":95},"9":{"loc":{"start":{"line":95,"column":18},"end":{"line":95,"column":41}},"type":"binary-expr","locations":[{"start":{"line":95,"column":18},"end":{"line":95,"column":25}},{"start":{"line":95,"column":29},"end":{"line":95,"column":41}}],"line":95},"10":{"loc":{"start":{"line":106,"column":37},"end":{"line":108,"column":44}},"type":"cond-expr","locations":[{"start":{"line":107,"column":41},"end":{"line":107,"column":104}},{"start":{"line":108,"column":40},"end":{"line":108,"column":44}}],"line":106},"11":{"loc":{"start":{"line":106,"column":38},"end":{"line":106,"column":73}},"type":"binary-expr","locations":[{"start":{"line":106,"column":38},"end":{"line":106,"column":45}},{"start":{"line":106,"column":49},"end":{"line":106,"column":73}}],"line":106}},"s":{"0":1,"1":1,"2":12,"3":12,"4":12,"5":12,"6":12,"7":12,"8":12,"9":8,"10":8,"11":12,"12":0,"13":0,"14":0,"15":0,"16":0,"17":12,"18":4,"19":0,"20":0,"21":0,"22":4,"23":4,"24":0,"25":12,"26":8,"27":8,"28":8,"29":0,"30":8,"31":8,"32":4,"33":4,"34":4,"35":0,"36":12,"37":0,"38":0,"39":0,"40":0,"41":0,"42":0,"43":0,"44":12,"45":0,"46":0,"47":0,"48":0,"49":0,"50":0,"51":0,"52":0,"53":0,"54":12,"55":8,"56":8,"57":1},"f":{"0":12,"1":8,"2":8,"3":0,"4":0,"5":4,"6":0,"7":0,"8":8,"9":0,"10":0,"11":0,"12":0,"13":0,"14":0,"15":8,"16":8},"b":{"0":[0,0],"1":[0,0],"2":[8,0],"3":[8,0,0],"4":[4,4],"5":[8,4],"6":[0,0],"7":[0,12],"8":[0,12],"9":[12,8],"10":[4,4],"11":[8,4]},"_coverageSchema":"1a1c01bbd47fc00a2c39e90264f33305004495a9","hash":"b4c723fec269455a3bdb16d7c1f3fcb8dac47ac4"}
,"/data/components/shared/buttons/index.tsx": {"path":"/data/components/shared/buttons/index.tsx","statementMap":{},"fnMap":{},"branchMap":{},"s":{},"f":{},"b":{},"_coverageSchema":"1a1c01bbd47fc00a2c39e90264f33305004495a9","hash":"9ad576b209427d2b9792e611210f115f35081764"}
,"/data/components/shared/buttons/Button/index.tsx": {"path":"/data/components/shared/buttons/Button/index.tsx","statementMap":{"0":{"start":{"line":8,"column":15},"end":{"line":23,"column":1}},"1":{"start":{"line":9,"column":40},"end":{"line":9,"column":46}},"2":{"start":{"line":11,"column":2},"end":{"line":22,"column":4}}},"fnMap":{"0":{"name":"(anonymous_0)","decl":{"start":{"line":8,"column":15},"end":{"line":8,"column":16}},"loc":{"start":{"line":8,"column":103},"end":{"line":23,"column":1}},"line":8}},"branchMap":{"0":{"loc":{"start":{"line":8,"column":60},"end":{"line":8,"column":73}},"type":"default-arg","locations":[{"start":{"line":8,"column":69},"end":{"line":8,"column":73}}],"line":8},"1":{"loc":{"start":{"line":13,"column":27},"end":{"line":13,"column":43}},"type":"cond-expr","locations":[{"start":{"line":13,"column":36},"end":{"line":13,"column":37}},{"start":{"line":13,"column":40},"end":{"line":13,"column":43}}],"line":13}},"s":{"0":7,"1":49,"2":49},"f":{"0":49},"b":{"0":[0],"1":[48,1]},"_coverageSchema":"1a1c01bbd47fc00a2c39e90264f33305004495a9","hash":"5c815f3a3a8240c4aa290b3493ff645545043759"}
,"/data/components/shared/buttons/Button/styles.tsx": {"path":"/data/components/shared/buttons/Button/styles.tsx","statementMap":{"0":{"start":{"line":3,"column":15},"end":{"line":3,"column":17}},"1":{"start":{"line":4,"column":22},"end":{"line":16,"column":2}}},"fnMap":{},"branchMap":{},"s":{"0":7,"1":7},"f":{},"b":{},"_coverageSchema":"1a1c01bbd47fc00a2c39e90264f33305004495a9","hash":"3b6ceb7930e904ffd3388873f89eeca9aea8cf1e"}
,"/data/components/shared/buttons/ImageButton/index.tsx": {"path":"/data/components/shared/buttons/ImageButton/index.tsx","statementMap":{"0":{"start":{"line":8,"column":20},"end":{"line":31,"column":1}},"1":{"start":{"line":9,"column":40},"end":{"line":9,"column":46}},"2":{"start":{"line":10,"column":19},"end":{"line":20,"column":3}},"3":{"start":{"line":11,"column":4},"end":{"line":19,"column":5}},"4":{"start":{"line":12,"column":6},"end":{"line":12,"column":35}},"5":{"start":{"line":15,"column":6},"end":{"line":18,"column":10}},"6":{"start":{"line":22,"column":2},"end":{"line":30,"column":4}}},"fnMap":{"0":{"name":"(anonymous_0)","decl":{"start":{"line":8,"column":20},"end":{"line":8,"column":21}},"loc":{"start":{"line":8,"column":77},"end":{"line":31,"column":1}},"line":8},"1":{"name":"(anonymous_1)","decl":{"start":{"line":10,"column":19},"end":{"line":10,"column":20}},"loc":{"start":{"line":10,"column":25},"end":{"line":20,"column":3}},"line":10}},"branchMap":{"0":{"loc":{"start":{"line":11,"column":4},"end":{"line":19,"column":5}},"type":"if","locations":[{"start":{"line":11,"column":4},"end":{"line":19,"column":5}},{"start":{"line":11,"column":4},"end":{"line":19,"column":5}}],"line":11}},"s":{"0":7,"1":5,"2":5,"3":5,"4":1,"5":4,"6":5},"f":{"0":5,"1":5},"b":{"0":[1,4]},"_coverageSchema":"1a1c01bbd47fc00a2c39e90264f33305004495a9","hash":"d175f449a75c4dce25ab7e7da5311dbcec87a5e9"}
,"/data/components/shared/buttons/ImageButton/styles.tsx": {"path":"/data/components/shared/buttons/ImageButton/styles.tsx","statementMap":{"0":{"start":{"line":3,"column":22},"end":{"line":10,"column":4}}},"fnMap":{},"branchMap":{},"s":{"0":7},"f":{},"b":{},"_coverageSchema":"1a1c01bbd47fc00a2c39e90264f33305004495a9","hash":"09c8a46f2b417855948b12b550cfcdd310c159ad"}
,"/data/components/shared/buttons/SocialButton/index.tsx": {"path":"/data/components/shared/buttons/SocialButton/index.tsx","statementMap":{"0":{"start":{"line":7,"column":21},"end":{"line":26,"column":1}},"1":{"start":{"line":9,"column":2},"end":{"line":25,"column":4}}},"fnMap":{"0":{"name":"(anonymous_0)","decl":{"start":{"line":7,"column":21},"end":{"line":7,"column":22}},"loc":{"start":{"line":7,"column":84},"end":{"line":26,"column":1}},"line":7}},"branchMap":{},"s":{"0":7,"1":5},"f":{"0":5},"b":{},"_coverageSchema":"1a1c01bbd47fc00a2c39e90264f33305004495a9","hash":"eccac5eef981612b231d53ea7a1689f5e6dd652b"}
,"/data/components/shared/buttons/SocialButton/styles.tsx": {"path":"/data/components/shared/buttons/SocialButton/styles.tsx","statementMap":{"0":{"start":{"line":2,"column":20},"end":{"line":2,"column":50}},"1":{"start":{"line":4,"column":22},"end":{"line":17,"column":2}}},"fnMap":{},"branchMap":{},"s":{"0":7,"1":7},"f":{},"b":{},"_coverageSchema":"1a1c01bbd47fc00a2c39e90264f33305004495a9","hash":"7fe7351c4f41746fc30616125b66dc272b57cdc6"}
,"/data/components/shared/views/LoadingView/index.tsx": {"path":"/data/components/shared/views/LoadingView/index.tsx","statementMap":{"0":{"start":{"line":3,"column":19},"end":{"line":3,"column":50}},"1":{"start":{"line":4,"column":16},"end":{"line":10,"column":1}},"2":{"start":{"line":5,"column":4},"end":{"line":9,"column":5}},"3":{"start":{"line":12,"column":15},"end":{"line":20,"column":2}}},"fnMap":{"0":{"name":"(anonymous_0)","decl":{"start":{"line":4,"column":16},"end":{"line":4,"column":17}},"loc":{"start":{"line":4,"column":22},"end":{"line":10,"column":1}},"line":4}},"branchMap":{},"s":{"0":2,"1":2,"2":7,"3":2},"f":{"0":7},"b":{},"_coverageSchema":"1a1c01bbd47fc00a2c39e90264f33305004495a9","hash":"a93dcb612083cf80be4edd8a45495ae302bb57ec"}
,"/data/components/shared/views/NoConnectionView/index.tsx": {"path":"/data/components/shared/views/NoConnectionView/index.tsx","statementMap":{"0":{"start":{"line":4,"column":19},"end":{"line":4,"column":50}},"1":{"start":{"line":5,"column":21},"end":{"line":17,"column":1}},"2":{"start":{"line":6,"column":4},"end":{"line":16,"column":5}},"3":{"start":{"line":19,"column":15},"end":{"line":30,"column":2}}},"fnMap":{"0":{"name":"(anonymous_0)","decl":{"start":{"line":5,"column":21},"end":{"line":5,"column":22}},"loc":{"start":{"line":5,"column":41},"end":{"line":17,"column":1}},"line":5}},"branchMap":{},"s":{"0":1,"1":1,"2":0,"3":1},"f":{"0":0},"b":{},"_coverageSchema":"1a1c01bbd47fc00a2c39e90264f33305004495a9","hash":"3e110da2c703a9f6606655444dd8f854c3bd88b0"}
,"/data/config/Routes.tsx": {"path":"/data/config/Routes.tsx","statementMap":{},"fnMap":{},"branchMap":{},"s":{},"f":{},"b":{},"_coverageSchema":"1a1c01bbd47fc00a2c39e90264f33305004495a9","hash":"4e19a9ead2e09104289e9beb05da81204c486fdd"}
,"/data/entities/Look.tsx": {"path":"/data/entities/Look.tsx","statementMap":{"0":{"start":{"line":26,"column":8},"end":{"line":27,"column":25}},"1":{"start":{"line":28,"column":8},"end":{"line":28,"column":39}},"2":{"start":{"line":29,"column":8},"end":{"line":29,"column":33}},"3":{"start":{"line":30,"column":8},"end":{"line":30,"column":31}},"4":{"start":{"line":31,"column":8},"end":{"line":31,"column":37}},"5":{"start":{"line":32,"column":8},"end":{"line":32,"column":29}},"6":{"start":{"line":33,"column":8},"end":{"line":33,"column":29}},"7":{"start":{"line":34,"column":8},"end":{"line":34,"column":29}},"8":{"start":{"line":35,"column":8},"end":{"line":35,"column":29}},"9":{"start":{"line":36,"column":8},"end":{"line":36,"column":25}}},"fnMap":{"0":{"name":"(anonymous_0)","decl":{"start":{"line":13,"column":4},"end":{"line":13,"column":5}},"loc":{"start":{"line":25,"column":6},"end":{"line":37,"column":5}},"line":25}},"branchMap":{},"s":{"0":3,"1":3,"2":3,"3":3,"4":3,"5":3,"6":3,"7":3,"8":3,"9":3},"f":{"0":3},"b":{},"_coverageSchema":"1a1c01bbd47fc00a2c39e90264f33305004495a9","hash":"b047b60fffa4abad944d766ecb6f6e8b1cf790b8"}
,"/data/entities/Notification.tsx": {"path":"/data/entities/Notification.tsx","statementMap":{"0":{"start":{"line":24,"column":8},"end":{"line":25,"column":25}},"1":{"start":{"line":26,"column":8},"end":{"line":26,"column":39}},"2":{"start":{"line":27,"column":8},"end":{"line":27,"column":37}},"3":{"start":{"line":28,"column":8},"end":{"line":28,"column":31}},"4":{"start":{"line":29,"column":8},"end":{"line":29,"column":31}},"5":{"start":{"line":30,"column":8},"end":{"line":30,"column":41}},"6":{"start":{"line":31,"column":8},"end":{"line":31,"column":25}}},"fnMap":{"0":{"name":"(anonymous_0)","decl":{"start":{"line":14,"column":4},"end":{"line":14,"column":5}},"loc":{"start":{"line":23,"column":6},"end":{"line":32,"column":5}},"line":23}},"branchMap":{},"s":{"0":3,"1":3,"2":3,"3":3,"4":3,"5":3,"6":3},"f":{"0":3},"b":{},"_coverageSchema":"1a1c01bbd47fc00a2c39e90264f33305004495a9","hash":"e87f6f82c7ef93c01efa655e0c19bb35898a7831"}
,"/data/entities/Product.tsx": {"path":"/data/entities/Product.tsx","statementMap":{"0":{"start":{"line":29,"column":4},"end":{"line":29,"column":17}},"1":{"start":{"line":30,"column":4},"end":{"line":30,"column":21}},"2":{"start":{"line":31,"column":4},"end":{"line":31,"column":35}},"3":{"start":{"line":32,"column":4},"end":{"line":32,"column":23}},"4":{"start":{"line":33,"column":4},"end":{"line":33,"column":25}},"5":{"start":{"line":34,"column":4},"end":{"line":34,"column":25}},"6":{"start":{"line":35,"column":4},"end":{"line":35,"column":25}},"7":{"start":{"line":36,"column":4},"end":{"line":36,"column":23}},"8":{"start":{"line":37,"column":4},"end":{"line":37,"column":29}},"9":{"start":{"line":38,"column":4},"end":{"line":38,"column":33}},"10":{"start":{"line":39,"column":4},"end":{"line":39,"column":25}},"11":{"start":{"line":40,"column":4},"end":{"line":40,"column":25}}},"fnMap":{"0":{"name":"(anonymous_0)","decl":{"start":{"line":15,"column":2},"end":{"line":15,"column":3}},"loc":{"start":{"line":28,"column":4},"end":{"line":41,"column":3}},"line":28}},"branchMap":{},"s":{"0":42,"1":42,"2":42,"3":42,"4":42,"5":42,"6":42,"7":42,"8":42,"9":42,"10":42,"11":42},"f":{"0":42},"b":{},"_coverageSchema":"1a1c01bbd47fc00a2c39e90264f33305004495a9","hash":"ccb8fdc30424700d75219d02e7796130a55490aa"}
,"/data/entities/User.tsx": {"path":"/data/entities/User.tsx","statementMap":{"0":{"start":{"line":21,"column":8},"end":{"line":21,"column":27}},"1":{"start":{"line":22,"column":8},"end":{"line":22,"column":37}},"2":{"start":{"line":23,"column":8},"end":{"line":23,"column":31}},"3":{"start":{"line":24,"column":8},"end":{"line":24,"column":39}},"4":{"start":{"line":25,"column":8},"end":{"line":25,"column":27}},"5":{"start":{"line":26,"column":8},"end":{"line":26,"column":25}},"6":{"start":{"line":27,"column":8},"end":{"line":27,"column":27}},"7":{"start":{"line":28,"column":8},"end":{"line":28,"column":33}}},"fnMap":{"0":{"name":"(anonymous_0)","decl":{"start":{"line":13,"column":4},"end":{"line":13,"column":5}},"loc":{"start":{"line":20,"column":25},"end":{"line":29,"column":5}},"line":20}},"branchMap":{},"s":{"0":11,"1":11,"2":11,"3":11,"4":11,"5":11,"6":11,"7":11},"f":{"0":11},"b":{},"_coverageSchema":"1a1c01bbd47fc00a2c39e90264f33305004495a9","hash":"4af874f2debac4f191b3ccbd9bac562a21c2267e"}
,"/data/screens/NotificationsScreen/index.tsx": {"path":"/data/screens/NotificationsScreen/index.tsx","statementMap":{"0":{"start":{"line":16,"column":8},"end":{"line":16,"column":21}},"1":{"start":{"line":18,"column":8},"end":{"line":24,"column":10}},"2":{"start":{"line":25,"column":8},"end":{"line":25,"column":53}},"3":{"start":{"line":26,"column":8},"end":{"line":26,"column":59}},"4":{"start":{"line":27,"column":8},"end":{"line":27,"column":53}},"5":{"start":{"line":28,"column":8},"end":{"line":28,"column":53}},"6":{"start":{"line":29,"column":8},"end":{"line":29,"column":57}},"7":{"start":{"line":30,"column":8},"end":{"line":30,"column":51}},"8":{"start":{"line":31,"column":8},"end":{"line":31,"column":65}},"9":{"start":{"line":35,"column":8},"end":{"line":35,"column":40}},"10":{"start":{"line":39,"column":8},"end":{"line":39,"column":41}},"11":{"start":{"line":43,"column":8},"end":{"line":43,"column":53}},"12":{"start":{"line":43,"column":39},"end":{"line":43,"column":51}},"13":{"start":{"line":44,"column":8},"end":{"line":44,"column":42}},"14":{"start":{"line":45,"column":8},"end":{"line":45,"column":46}},"15":{"start":{"line":46,"column":8},"end":{"line":46,"column":43}},"16":{"start":{"line":49,"column":17},"end":{"line":56,"column":5}},"17":{"start":{"line":50,"column":8},"end":{"line":55,"column":10}},"18":{"start":{"line":58,"column":23},"end":{"line":65,"column":5}},"19":{"start":{"line":59,"column":8},"end":{"line":64,"column":10}},"20":{"start":{"line":67,"column":19},"end":{"line":74,"column":5}},"21":{"start":{"line":68,"column":8},"end":{"line":73,"column":9}},"22":{"start":{"line":77,"column":8},"end":{"line":77,"column":44}},"23":{"start":{"line":78,"column":8},"end":{"line":78,"column":46}},"24":{"start":{"line":79,"column":8},"end":{"line":79,"column":45}},"25":{"start":{"line":83,"column":8},"end":{"line":83,"column":44}},"26":{"start":{"line":84,"column":8},"end":{"line":84,"column":48}},"27":{"start":{"line":85,"column":8},"end":{"line":85,"column":46}},"28":{"start":{"line":86,"column":8},"end":{"line":86,"column":45}},"29":{"start":{"line":89,"column":15},"end":{"line":91,"column":5}},"30":{"start":{"line":90,"column":8},"end":{"line":90,"column":44}},"31":{"start":{"line":94,"column":8},"end":{"line":144,"column":10}},"32":{"start":{"line":103,"column":73},"end":{"line":103,"column":103}},"33":{"start":{"line":112,"column":73},"end":{"line":112,"column":93}},"34":{"start":{"line":118,"column":53},"end":{"line":118,"column":73}},"35":{"start":{"line":132,"column":28},"end":{"line":132,"column":45}},"36":{"start":{"line":133,"column":28},"end":{"line":133,"column":47}},"37":{"start":{"line":149,"column":43},"end":{"line":152,"column":21}}},"fnMap":{"0":{"name":"(anonymous_0)","decl":{"start":{"line":15,"column":4},"end":{"line":15,"column":5}},"loc":{"start":{"line":15,"column":40},"end":{"line":32,"column":5}},"line":15},"1":{"name":"(anonymous_1)","decl":{"start":{"line":34,"column":4},"end":{"line":34,"column":5}},"loc":{"start":{"line":34,"column":33},"end":{"line":36,"column":5}},"line":34},"2":{"name":"(anonymous_2)","decl":{"start":{"line":38,"column":4},"end":{"line":38,"column":5}},"loc":{"start":{"line":38,"column":26},"end":{"line":40,"column":5}},"line":38},"3":{"name":"(anonymous_3)","decl":{"start":{"line":42,"column":4},"end":{"line":42,"column":5}},"loc":{"start":{"line":42,"column":23},"end":{"line":47,"column":5}},"line":42},"4":{"name":"(anonymous_4)","decl":{"start":{"line":49,"column":17},"end":{"line":49,"column":18}},"loc":{"start":{"line":49,"column":45},"end":{"line":56,"column":5}},"line":49},"5":{"name":"(anonymous_5)","decl":{"start":{"line":58,"column":23},"end":{"line":58,"column":24}},"loc":{"start":{"line":58,"column":38},"end":{"line":65,"column":5}},"line":58},"6":{"name":"(anonymous_6)","decl":{"start":{"line":67,"column":19},"end":{"line":67,"column":20}},"loc":{"start":{"line":67,"column":25},"end":{"line":74,"column":5}},"line":67},"7":{"name":"(anonymous_7)","decl":{"start":{"line":76,"column":4},"end":{"line":76,"column":5}},"loc":{"start":{"line":76,"column":30},"end":{"line":80,"column":5}},"line":76},"8":{"name":"(anonymous_8)","decl":{"start":{"line":82,"column":4},"end":{"line":82,"column":5}},"loc":{"start":{"line":82,"column":22},"end":{"line":87,"column":5}},"line":82},"9":{"name":"(anonymous_9)","decl":{"start":{"line":89,"column":15},"end":{"line":89,"column":16}},"loc":{"start":{"line":89,"column":21},"end":{"line":91,"column":5}},"line":89},"10":{"name":"(anonymous_10)","decl":{"start":{"line":93,"column":4},"end":{"line":93,"column":5}},"loc":{"start":{"line":93,"column":13},"end":{"line":145,"column":5}},"line":93},"11":{"name":"(anonymous_11)","decl":{"start":{"line":103,"column":67},"end":{"line":103,"column":68}},"loc":{"start":{"line":103,"column":73},"end":{"line":103,"column":103}},"line":103},"12":{"name":"(anonymous_12)","decl":{"start":{"line":112,"column":67},"end":{"line":112,"column":68}},"loc":{"start":{"line":112,"column":73},"end":{"line":112,"column":93}},"line":112},"13":{"name":"(anonymous_13)","decl":{"start":{"line":118,"column":38},"end":{"line":118,"column":39}},"loc":{"start":{"line":118,"column":53},"end":{"line":118,"column":73}},"line":118},"14":{"name":"(anonymous_14)","decl":{"start":{"line":131,"column":38},"end":{"line":131,"column":39}},"loc":{"start":{"line":131,"column":44},"end":{"line":134,"column":25}},"line":131}},"branchMap":{"0":{"loc":{"start":{"line":43,"column":8},"end":{"line":43,"column":53}},"type":"if","locations":[{"start":{"line":43,"column":8},"end":{"line":43,"column":53}},{"start":{"line":43,"column":8},"end":{"line":43,"column":53}}],"line":43},"1":{"loc":{"start":{"line":69,"column":12},"end":{"line":72,"column":30}},"type":"cond-expr","locations":[{"start":{"line":70,"column":16},"end":{"line":72,"column":23}},{"start":{"line":72,"column":26},"end":{"line":72,"column":30}}],"line":69},"2":{"loc":{"start":{"line":115,"column":18},"end":{"line":142,"column":22}},"type":"cond-expr","locations":[{"start":{"line":115,"column":44},"end":{"line":115,"column":55}},{"start":{"line":116,"column":20},"end":{"line":142,"column":22}}],"line":115}},"s":{"0":3,"1":3,"2":3,"3":3,"4":3,"5":3,"6":3,"7":3,"8":3,"9":0,"10":1,"11":0,"12":0,"13":0,"14":0,"15":0,"16":3,"17":10,"18":3,"19":10,"20":3,"21":6,"22":3,"23":3,"24":3,"25":0,"26":0,"27":0,"28":0,"29":3,"30":0,"31":9,"32":0,"33":1,"34":20,"35":0,"36":0,"37":1},"f":{"0":3,"1":0,"2":1,"3":0,"4":10,"5":10,"6":6,"7":3,"8":0,"9":0,"10":9,"11":0,"12":1,"13":20,"14":0},"b":{"0":[0,0],"1":[0,6],"2":[3,6]},"_coverageSchema":"1a1c01bbd47fc00a2c39e90264f33305004495a9","hash":"b6a4fe5a1ee88521dee961a87c5b45a4d0c8a2d0"}
,"/data/screens/NotificationsScreen/styles.tsx": {"path":"/data/screens/NotificationsScreen/styles.tsx","statementMap":{"0":{"start":{"line":4,"column":22},"end":{"line":42,"column":2}}},"fnMap":{},"branchMap":{},"s":{"0":1},"f":{},"b":{},"_coverageSchema":"1a1c01bbd47fc00a2c39e90264f33305004495a9","hash":"eeb22ebf0ad460cadf93cc265cb88bbdcbcf9ac7"}
,"/data/screens/NotificationsScreen/types.tsx": {"path":"/data/screens/NotificationsScreen/types.tsx","statementMap":{"0":{"start":{"line":35,"column":31},"end":{"line":39,"column":1}},"1":{"start":{"line":36,"column":4},"end":{"line":38,"column":5}},"2":{"start":{"line":41,"column":34},"end":{"line":48,"column":1}},"3":{"start":{"line":42,"column":4},"end":{"line":47,"column":5}},"4":{"start":{"line":43,"column":34},"end":{"line":43,"column":64}},"5":{"start":{"line":44,"column":36},"end":{"line":44,"column":60}},"6":{"start":{"line":45,"column":29},"end":{"line":45,"column":54}},"7":{"start":{"line":46,"column":36},"end":{"line":46,"column":68}}},"fnMap":{"0":{"name":"(anonymous_0)","decl":{"start":{"line":35,"column":31},"end":{"line":35,"column":32}},"loc":{"start":{"line":35,"column":53},"end":{"line":39,"column":1}},"line":35},"1":{"name":"(anonymous_1)","decl":{"start":{"line":41,"column":34},"end":{"line":41,"column":35}},"loc":{"start":{"line":41,"column":103},"end":{"line":48,"column":1}},"line":41},"2":{"name":"(anonymous_2)","decl":{"start":{"line":43,"column":28},"end":{"line":43,"column":29}},"loc":{"start":{"line":43,"column":34},"end":{"line":43,"column":64}},"line":43},"3":{"name":"(anonymous_3)","decl":{"start":{"line":44,"column":20},"end":{"line":44,"column":21}},"loc":{"start":{"line":44,"column":36},"end":{"line":44,"column":60}},"line":44},"4":{"name":"(anonymous_4)","decl":{"start":{"line":45,"column":23},"end":{"line":45,"column":24}},"loc":{"start":{"line":45,"column":29},"end":{"line":45,"column":54}},"line":45},"5":{"name":"(anonymous_5)","decl":{"start":{"line":46,"column":30},"end":{"line":46,"column":31}},"loc":{"start":{"line":46,"column":36},"end":{"line":46,"column":68}},"line":46}},"branchMap":{},"s":{"0":1,"1":0,"2":1,"3":0,"4":0,"5":0,"6":0,"7":0},"f":{"0":0,"1":0,"2":0,"3":0,"4":0,"5":0},"b":{},"_coverageSchema":"1a1c01bbd47fc00a2c39e90264f33305004495a9","hash":"dce42a492816092b1b6b5c12a2fc734d651c62f8"}
,"/data/screens/ProfileScreen/EditProfileScreen/index.tsx": {"path":"/data/screens/ProfileScreen/EditProfileScreen/index.tsx","statementMap":{"0":{"start":{"line":18,"column":4},"end":{"line":18,"column":17}},"1":{"start":{"line":20,"column":4},"end":{"line":23,"column":6}},"2":{"start":{"line":24,"column":4},"end":{"line":24,"column":51}},"3":{"start":{"line":28,"column":21},"end":{"line":28,"column":36}},"4":{"start":{"line":29,"column":25},"end":{"line":29,"column":44}},"5":{"start":{"line":30,"column":8},"end":{"line":30,"column":53}},"6":{"start":{"line":31,"column":8},"end":{"line":31,"column":39}},"7":{"start":{"line":35,"column":4},"end":{"line":108,"column":6}},"8":{"start":{"line":45,"column":27},"end":{"line":45,"column":57}},"9":{"start":{"line":61,"column":12},"end":{"line":61,"column":31}},"10":{"start":{"line":62,"column":12},"end":{"line":62,"column":43}},"11":{"start":{"line":85,"column":36},"end":{"line":85,"column":65}},"12":{"start":{"line":98,"column":36},"end":{"line":98,"column":69}},"13":{"start":{"line":112,"column":33},"end":{"line":115,"column":22}}},"fnMap":{"0":{"name":"(anonymous_0)","decl":{"start":{"line":17,"column":2},"end":{"line":17,"column":3}},"loc":{"start":{"line":17,"column":38},"end":{"line":25,"column":3}},"line":17},"1":{"name":"(anonymous_1)","decl":{"start":{"line":27,"column":4},"end":{"line":27,"column":5}},"loc":{"start":{"line":27,"column":24},"end":{"line":32,"column":5}},"line":27},"2":{"name":"(anonymous_2)","decl":{"start":{"line":34,"column":2},"end":{"line":34,"column":3}},"loc":{"start":{"line":34,"column":11},"end":{"line":109,"column":3}},"line":34},"3":{"name":"(anonymous_3)","decl":{"start":{"line":45,"column":21},"end":{"line":45,"column":22}},"loc":{"start":{"line":45,"column":27},"end":{"line":45,"column":57}},"line":45},"4":{"name":"(anonymous_4)","decl":{"start":{"line":60,"column":19},"end":{"line":60,"column":20}},"loc":{"start":{"line":60,"column":25},"end":{"line":63,"column":11}},"line":60},"5":{"name":"(anonymous_5)","decl":{"start":{"line":85,"column":26},"end":{"line":85,"column":27}},"loc":{"start":{"line":85,"column":36},"end":{"line":85,"column":65}},"line":85},"6":{"name":"(anonymous_6)","decl":{"start":{"line":98,"column":26},"end":{"line":98,"column":27}},"loc":{"start":{"line":98,"column":36},"end":{"line":98,"column":69}},"line":98}},"branchMap":{"0":{"loc":{"start":{"line":68,"column":11},"end":{"line":78,"column":11}},"type":"cond-expr","locations":[{"start":{"line":69,"column":12},"end":{"line":72,"column":14}},{"start":{"line":74,"column":12},"end":{"line":77,"column":14}}],"line":68},"1":{"loc":{"start":{"line":89,"column":14},"end":{"line":91,"column":25}},"type":"cond-expr","locations":[{"start":{"line":90,"column":18},"end":{"line":90,"column":49}},{"start":{"line":91,"column":18},"end":{"line":91,"column":25}}],"line":89},"2":{"loc":{"start":{"line":101,"column":14},"end":{"line":103,"column":29}},"type":"cond-expr","locations":[{"start":{"line":102,"column":18},"end":{"line":102,"column":53}},{"start":{"line":103,"column":18},"end":{"line":103,"column":29}}],"line":101}},"s":{"0":2,"1":2,"2":2,"3":1,"4":1,"5":1,"6":1,"7":2,"8":0,"9":1,"10":1,"11":0,"12":0,"13":1},"f":{"0":2,"1":1,"2":2,"3":0,"4":1,"5":0,"6":0},"b":{"0":[0,2],"1":[2,0],"2":[2,0]},"_coverageSchema":"1a1c01bbd47fc00a2c39e90264f33305004495a9","hash":"6cc5368b10126d372158eba917a0eb98c205b2c4"}
,"/data/screens/ProfileScreen/EditProfileScreen/styles.tsx": {"path":"/data/screens/ProfileScreen/EditProfileScreen/styles.tsx","statementMap":{"0":{"start":{"line":4,"column":22},"end":{"line":62,"column":2}}},"fnMap":{},"branchMap":{},"s":{"0":1},"f":{},"b":{},"_coverageSchema":"1a1c01bbd47fc00a2c39e90264f33305004495a9","hash":"e479bcdd7c51e9f5a713c4b3ef71e33e0170c4d1"}
,"/data/screens/ProfileScreen/EditProfileScreen/types.tsx": {"path":"/data/screens/ProfileScreen/EditProfileScreen/types.tsx","statementMap":{"0":{"start":{"line":26,"column":31},"end":{"line":30,"column":1}},"1":{"start":{"line":27,"column":4},"end":{"line":29,"column":5}},"2":{"start":{"line":36,"column":34},"end":{"line":40,"column":1}},"3":{"start":{"line":37,"column":4},"end":{"line":39,"column":5}},"4":{"start":{"line":38,"column":58},"end":{"line":38,"column":95}}},"fnMap":{"0":{"name":"(anonymous_0)","decl":{"start":{"line":26,"column":31},"end":{"line":26,"column":32}},"loc":{"start":{"line":26,"column":53},"end":{"line":30,"column":1}},"line":26},"1":{"name":"(anonymous_1)","decl":{"start":{"line":36,"column":34},"end":{"line":36,"column":35}},"loc":{"start":{"line":36,"column":103},"end":{"line":40,"column":1}},"line":36},"2":{"name":"(anonymous_2)","decl":{"start":{"line":38,"column":22},"end":{"line":38,"column":23}},"loc":{"start":{"line":38,"column":58},"end":{"line":38,"column":95}},"line":38}},"branchMap":{},"s":{"0":1,"1":0,"2":1,"3":0,"4":0},"f":{"0":0,"1":0,"2":0},"b":{},"_coverageSchema":"1a1c01bbd47fc00a2c39e90264f33305004495a9","hash":"98fe690393c8703baa01b2a316b33337ec80dc42"}
,"/data/screens/ProfileScreen/MyProfileScreen/index.tsx": {"path":"/data/screens/ProfileScreen/MyProfileScreen/index.tsx","statementMap":{"0":{"start":{"line":20,"column":4},"end":{"line":20,"column":17}},"1":{"start":{"line":22,"column":4},"end":{"line":22,"column":20}},"2":{"start":{"line":26,"column":4},"end":{"line":113,"column":6}},"3":{"start":{"line":42,"column":29},"end":{"line":42,"column":76}},"4":{"start":{"line":49,"column":12},"end":{"line":49,"column":58}},"5":{"start":{"line":88,"column":14},"end":{"line":88,"column":58}},"6":{"start":{"line":105,"column":14},"end":{"line":105,"column":34}},"7":{"start":{"line":117,"column":29},"end":{"line":120,"column":18}}},"fnMap":{"0":{"name":"(anonymous_0)","decl":{"start":{"line":19,"column":2},"end":{"line":19,"column":3}},"loc":{"start":{"line":19,"column":38},"end":{"line":23,"column":3}},"line":19},"1":{"name":"(anonymous_1)","decl":{"start":{"line":25,"column":2},"end":{"line":25,"column":3}},"loc":{"start":{"line":25,"column":11},"end":{"line":114,"column":3}},"line":25},"2":{"name":"(anonymous_2)","decl":{"start":{"line":42,"column":21},"end":{"line":42,"column":22}},"loc":{"start":{"line":42,"column":27},"end":{"line":42,"column":78}},"line":42},"3":{"name":"(anonymous_3)","decl":{"start":{"line":48,"column":19},"end":{"line":48,"column":20}},"loc":{"start":{"line":48,"column":25},"end":{"line":50,"column":11}},"line":48},"4":{"name":"(anonymous_4)","decl":{"start":{"line":87,"column":21},"end":{"line":87,"column":22}},"loc":{"start":{"line":87,"column":27},"end":{"line":89,"column":13}},"line":87},"5":{"name":"(anonymous_5)","decl":{"start":{"line":104,"column":21},"end":{"line":104,"column":22}},"loc":{"start":{"line":104,"column":27},"end":{"line":106,"column":13}},"line":104}},"branchMap":{"0":{"loc":{"start":{"line":52,"column":11},"end":{"line":62,"column":11}},"type":"cond-expr","locations":[{"start":{"line":53,"column":12},"end":{"line":56,"column":14}},{"start":{"line":58,"column":12},"end":{"line":61,"column":14}}],"line":52},"1":{"loc":{"start":{"line":70,"column":13},"end":{"line":72,"column":23}},"type":"cond-expr","locations":[{"start":{"line":71,"column":16},"end":{"line":71,"column":47}},{"start":{"line":72,"column":16},"end":{"line":72,"column":23}}],"line":70},"2":{"loc":{"start":{"line":75,"column":13},"end":{"line":77,"column":27}},"type":"cond-expr","locations":[{"start":{"line":76,"column":16},"end":{"line":76,"column":51}},{"start":{"line":77,"column":16},"end":{"line":77,"column":27}}],"line":75}},"s":{"0":5,"1":5,"2":5,"3":0,"4":0,"5":0,"6":0,"7":1},"f":{"0":5,"1":5,"2":0,"3":0,"4":0,"5":0},"b":{"0":[0,5],"1":[3,2],"2":[3,2]},"_coverageSchema":"1a1c01bbd47fc00a2c39e90264f33305004495a9","hash":"9116b5e61b30218f06ab302494182001d285db3c"}
,"/data/screens/ProfileScreen/MyProfileScreen/styles.tsx": {"path":"/data/screens/ProfileScreen/MyProfileScreen/styles.tsx","statementMap":{"0":{"start":{"line":4,"column":22},"end":{"line":62,"column":2}}},"fnMap":{},"branchMap":{},"s":{"0":1},"f":{},"b":{},"_coverageSchema":"1a1c01bbd47fc00a2c39e90264f33305004495a9","hash":"6d9d40296aaa6687661d6daf7ec85aee15b93bb2"}
,"/data/screens/ProfileScreen/MyProfileScreen/types.tsx": {"path":"/data/screens/ProfileScreen/MyProfileScreen/types.tsx","statementMap":{"0":{"start":{"line":20,"column":31},"end":{"line":24,"column":1}},"1":{"start":{"line":21,"column":4},"end":{"line":23,"column":5}},"2":{"start":{"line":30,"column":34},"end":{"line":34,"column":1}},"3":{"start":{"line":31,"column":4},"end":{"line":33,"column":5}}},"fnMap":{"0":{"name":"(anonymous_0)","decl":{"start":{"line":20,"column":31},"end":{"line":20,"column":32}},"loc":{"start":{"line":20,"column":54},"end":{"line":24,"column":1}},"line":20},"1":{"name":"(anonymous_1)","decl":{"start":{"line":30,"column":34},"end":{"line":30,"column":35}},"loc":{"start":{"line":30,"column":105},"end":{"line":34,"column":1}},"line":30}},"branchMap":{},"s":{"0":1,"1":0,"2":1,"3":0},"f":{"0":0,"1":0},"b":{},"_coverageSchema":"1a1c01bbd47fc00a2c39e90264f33305004495a9","hash":"508a2c98c1af3d570cb8957fe2b301812cac7d15"}
,"/data/services/Storage.tsx": {"path":"/data/services/Storage.tsx","statementMap":{"0":{"start":{"line":5,"column":20},"end":{"line":12,"column":5}},"1":{"start":{"line":6,"column":8},"end":{"line":10,"column":9}},"2":{"start":{"line":7,"column":12},"end":{"line":7,"column":54}},"3":{"start":{"line":9,"column":12},"end":{"line":9,"column":81}},"4":{"start":{"line":14,"column":18},"end":{"line":20,"column":5}},"5":{"start":{"line":15,"column":8},"end":{"line":19,"column":9}},"6":{"start":{"line":16,"column":12},"end":{"line":16,"column":49}},"7":{"start":{"line":18,"column":12},"end":{"line":18,"column":81}},"8":{"start":{"line":23,"column":8},"end":{"line":27,"column":9}},"9":{"start":{"line":24,"column":12},"end":{"line":24,"column":58}},"10":{"start":{"line":26,"column":12},"end":{"line":26,"column":96}}},"fnMap":{"0":{"name":"(anonymous_0)","decl":{"start":{"line":5,"column":20},"end":{"line":5,"column":21}},"loc":{"start":{"line":5,"column":58},"end":{"line":12,"column":5}},"line":5},"1":{"name":"(anonymous_1)","decl":{"start":{"line":14,"column":18},"end":{"line":14,"column":19}},"loc":{"start":{"line":14,"column":41},"end":{"line":20,"column":5}},"line":14},"2":{"name":"(anonymous_2)","decl":{"start":{"line":22,"column":4},"end":{"line":22,"column":5}},"loc":{"start":{"line":22,"column":38},"end":{"line":28,"column":5}},"line":22}},"branchMap":{},"s":{"0":8,"1":1,"2":1,"3":0,"4":8,"5":1,"6":1,"7":0,"8":1,"9":1,"10":0},"f":{"0":1,"1":1,"2":1},"b":{},"_coverageSchema":"1a1c01bbd47fc00a2c39e90264f33305004495a9","hash":"7c13427538f0e01068499b23ab8196124b352f08"}
,"/data/services/index.tsx": {"path":"/data/services/index.tsx","statementMap":{},"fnMap":{},"branchMap":{},"s":{},"f":{},"b":{},"_coverageSchema":"1a1c01bbd47fc00a2c39e90264f33305004495a9","hash":"67dd40c2e356a38358db1f351175a6ceecad97e5"}
[...]
{"start":{"line":66,"column":35},"end":{"line":81,"column":1}},"line":66},"5":{"name":"(anonymous_5)","decl":{"start":{"line":67,"column":11},"end":{"line":67,"column":12}},"loc":{"start":{"line":67,"column":82},"end":{"line":80,"column":5}},"line":67},"6":{"name":"(anonymous_6)","decl":{"start":{"line":83,"column":36},"end":{"line":83,"column":37}},"loc":{"start":{"line":83,"column":42},"end":{"line":89,"column":1}},"line":83},"7":{"name":"(anonymous_7)","decl":{"start":{"line":84,"column":11},"end":{"line":84,"column":12}},"loc":{"start":{"line":84,"column":67},"end":{"line":88,"column":5}},"line":84}},"branchMap":{"0":{"loc":{"start":{"line":24,"column":12},"end":{"line":39,"column":13}},"type":"if","locations":[{"start":{"line":24,"column":12},"end":{"line":39,"column":13}},{"start":{"line":24,"column":12},"end":{"line":39,"column":13}}],"line":24},"1":{"loc":{"start":{"line":26,"column":16},"end":{"line":35,"column":17}},"type":"if","locations":[{"start":{"line":26,"column":16},"end":{"line":35,"column":17}},{"start":{"line":26,"column":16},"end":{"line":35,"column":17}}],"line":26},"2":{"loc":{"start":{"line":51,"column":12},"end":{"line":59,"column":13}},"type":"if","locations":[{"start":{"line":51,"column":12},"end":{"line":59,"column":13}},{"start":{"line":51,"column":12},"end":{"line":59,"column":13}}],"line":51},"3":{"loc":{"start":{"line":71,"column":12},"end":{"line":76,"column":13}},"type":"if","locations":[{"start":{"line":71,"column":12},"end":{"line":76,"column":13}},{"start":{"line":71,"column":12},"end":{"line":76,"column":13}}],"line":71}},"s":{"0":5,"1":5,"2":5,"3":5,"4":5,"5":5,"6":5,"7":0,"8":0,"9":0,"10":0,"11":0,"12":0,"13":0,"14":0,"15":0,"16":0,"17":0,"18":0,"19":5,"20":0,"21":0,"22":0,"23":0,"24":0,"25":0,"26":0,"27":0,"28":5,"29":0,"30":0,"31":0,"32":0,"33":0,"34":0,"35":0,"36":0,"37":5,"38":0,"39":0},"f":{"0":0,"1":0,"2":0,"3":0,"4":0,"5":0,"6":0,"7":0},"b":{"0":[0,0],"1":[0,0],"2":[0,0],"3":[0,0]},"_coverageSchema":"1a1c01bbd47fc00a2c39e90264f33305004495a9","hash":"b3a947fc79710c2b57ab16467202c6657b29a267"}
,"/data/store/actions/orders.tsx": {"path":"/data/store/actions/orders.tsx","statementMap":{"0":{"start":{"line":8,"column":26},"end":{"line":8,"column":38}},"1":{"start":{"line":9,"column":28},"end":{"line":9,"column":40}},"2":{"start":{"line":10,"column":25},"end":{"line":10,"column":36}},"3":{"start":{"line":14,"column":27},"end":{"line":35,"column":1}},"4":{"start":{"line":15,"column":2},"end":{"line":34,"column":4}},"5":{"start":{"line":18,"column":4},"end":{"line":33,"column":5}},"6":{"start":{"line":19,"column":6},"end":{"line":19,"column":55}},"7":{"start":{"line":20,"column":29},"end":{"line":20,"column":72}},"8":{"start":{"line":21,"column":21},"end":{"line":21,"column":35}},"9":{"start":{"line":22,"column":6},"end":{"line":29,"column":7}},"10":{"start":{"line":23,"column":8},"end":{"line":26,"column":11}},"11":{"start":{"line":28,"column":8},"end":{"line":28,"column":42}},"12":{"start":{"line":30,"column":6},"end":{"line":30,"column":56}},"13":{"start":{"line":32,"column":6},"end":{"line":32,"column":49}},"14":{"start":{"line":37,"column":27},"end":{"line":58,"column":1}},"15":{"start":{"line":38,"column":2},"end":{"line":57,"column":4}},"16":{"start":{"line":41,"column":4},"end":{"line":56,"column":5}},"17":{"start":{"line":42,"column":29},"end":{"line":45,"column":7}},"18":{"start":{"line":46,"column":6},"end":{"line":53,"column":7}},"19":{"start":{"line":47,"column":8},"end":{"line":50,"column":11}},"20":{"start":{"line":52,"column":8},"end":{"line":52,"column":73}},"21":{"start":{"line":55,"column":6},"end":{"line":55,"column":71}},"22":{"start":{"line":60,"column":25},"end":{"line":91,"column":1}},"23":{"start":{"line":61,"column":4},"end":{"line":90,"column":6}},"24":{"start":{"line":62,"column":8},"end":{"line":89,"column":9}},"25":{"start":{"line":63,"column":32},"end":{"line":63,"column":63}},"26":{"start":{"line":64,"column":12},"end":{"line":86,"column":13}},"27":{"start":{"line":65,"column":16},"end":{"line":65,"column":50}},"28":{"start":{"line":66,"column":29},"end":{"line":71,"column":17}},"29":{"start":{"line":72,"column":39},"end":{"line":72,"column":107}},"30":{"start":{"line":73,"column":16},"end":{"line":85,"column":17}},"31":{"start":{"line":74,"column":41},"end":{"line":78,"column":21}},"32":{"start":{"line":79,"column":20},"end":{"line":81,"column":23}},"33":{"start":{"line":84,"column":20},"end":{"line":84,"column":56}},"34":{"start":{"line":88,"column":10},"end":{"line":88,"column":53}}},"fnMap":{"0":{"name":"(anonymous_0)","decl":{"start":{"line":14,"column":27},"end":{"line":14,"column":28}},"loc":{"start":{"line":14,"column":33},"end":{"line":35,"column":1}},"line":14},"1":{"name":"(anonymous_1)","decl":{"start":{"line":15,"column":9},"end":{"line":15,"column":10}},"loc":{"start":{"line":17,"column":7},"end":{"line":34,"column":3}},"line":17},"2":{"name":"(anonymous_2)","decl":{"start":{"line":37,"column":27},"end":{"line":37,"column":28}},"loc":{"start":{"line":37,"column":48},"end":{"line":58,"column":1}},"line":37},"3":{"name":"(anonymous_3)","decl":{"start":{"line":38,"column":9},"end":{"line":38,"column":10}},"loc":{"start":{"line":40,"column":7},"end":{"line":57,"column":3}},"line":40},"4":{"name":"(anonymous_4)","decl":{"start":{"line":60,"column":25},"end":{"line":60,"column":26}},"loc":{"start":{"line":60,"column":92},"end":{"line":91,"column":1}},"line":60},"5":{"name":"(anonymous_5)","decl":{"start":{"line":61,"column":11},"end":{"line":61,"column":12}},"loc":{"start":{"line":61,"column":82},"end":{"line":90,"column":5}},"line":61}},"branchMap":{"0":{"loc":{"start":{"line":22,"column":6},"end":{"line":29,"column":7}},"type":"if","locations":[{"start":{"line":22,"column":6},"end":{"line":29,"column":7}},{"start":{"line":22,"column":6},"end":{"line":29,"column":7}}],"line":22},"1":{"loc":{"start":{"line":46,"column":6},"end":{"line":53,"column":7}},"type":"if","locations":[{"start":{"line":46,"column":6},"end":{"line":53,"column":7}},{"start":{"line":46,"column":6},"end":{"line":53,"column":7}}],"line":46},"2":{"loc":{"start":{"line":64,"column":12},"end":{"line":86,"column":13}},"type":"if","locations":[{"start":{"line":64,"column":12},"end":{"line":86,"column":13}},{"start":{"line":64,"column":12},"end":{"line":86,"column":13}}],"line":64},"3":{"loc":{"start":{"line":73,"column":16},"end":{"line":85,"column":17}},"type":"if","locations":[{"start":{"line":73,"column":16},"end":{"line":85,"column":17}},{"start":{"line":73,"column":16},"end":{"line":85,"column":17}}],"line":73}},"s":{"0":5,"1":5,"2":5,"3":5,"4":0,"5":0,"6":0,"7":0,"8":0,"9":0,"10":0,"11":0,"12":0,"13":0,"14":5,"15":0,"16":0,"17":0,"18":0,"19":0,"20":0,"21":0,"22":5,"23":0,"24":0,"25":0,"26":0,"27":0,"28":0,"29":0,"30":0,"31":0,"32":0,"33":0,"34":0},"f":{"0":0,"1":0,"2":0,"3":0,"4":0,"5":0},"b":{"0":[0,0],"1":[0,0],"2":[0,0],"3":[0,0]},"_coverageSchema":"1a1c01bbd47fc00a2c39e90264f33305004495a9","hash":"64b9ce682f1447cdbbe85a294e389521ec8b67ea"}
,"/data/store/actions/profile.tsx": {"path":"/data/store/actions/profile.tsx","statementMap":{"0":{"start":{"line":8,"column":27},"end":{"line":8,"column":40}},"1":{"start":{"line":9,"column":30},"end":{"line":9,"column":46}},"2":{"start":{"line":11,"column":28},"end":{"line":28,"column":1}},"3":{"start":{"line":12,"column":2},"end":{"line":27,"column":4}},"4":{"start":{"line":13,"column":4},"end":{"line":26,"column":5}},"5":{"start":{"line":14,"column":29},"end":{"line":14,"column":69}},"6":{"start":{"line":15,"column":6},"end":{"line":23,"column":7}},"7":{"start":{"line":16,"column":24},"end":{"line":16,"column":38}},"8":{"start":{"line":17,"column":8},"end":{"line":20,"column":11}},"9":{"start":{"line":22,"column":8},"end":{"line":22,"column":49}},"10":{"start":{"line":25,"column":6},"end":{"line":25,"column":47}},"11":{"start":{"line":30,"column":27},"end":{"line":50,"column":1}},"12":{"start":{"line":31,"column":2},"end":{"line":49,"column":4}},"13":{"start":{"line":32,"column":4},"end":{"line":48,"column":5}},"14":{"start":{"line":33,"column":19},"end":{"line":36,"column":7}},"15":{"start":{"line":37,"column":29},"end":{"line":37,"column":78}},"16":{"start":{"line":38,"column":6},"end":{"line":45,"column":7}},"17":{"start":{"line":39,"column":8},"end":{"line":42,"column":11}},"18":{"start":{"line":44,"column":8},"end":{"line":44,"column":44}},"19":{"start":{"line":47,"column":6},"end":{"line":47,"column":42}}},"fnMap":{"0":{"name":"(anonymous_0)","decl":{"start":{"line":11,"column":28},"end":{"line":11,"column":29}},"loc":{"start":{"line":11,"column":34},"end":{"line":28,"column":1}},"line":11},"1":{"name":"(anonymous_1)","decl":{"start":{"line":12,"column":9},"end":{"line":12,"column":10}},"loc":{"start":{"line":12,"column":65},"end":{"line":27,"column":3}},"line":12},"2":{"name":"(anonymous_2)","decl":{"start":{"line":30,"column":27},"end":{"line":30,"column":28}},"loc":{"start":{"line":30,"column":63},"end":{"line":50,"column":1}},"line":30},"3":{"name":"(anonymous_3)","decl":{"start":{"line":31,"column":9},"end":{"line":31,"column":10}},"loc":{"start":{"line":31,"column":65},"end":{"line":49,"column":3}},"line":31}},"branchMap":{"0":{"loc":{"start":{"line":15,"column":6},"end":{"line":23,"column":7}},"type":"if","locations":[{"start":{"line":15,"column":6},"end":{"line":23,"column":7}},{"start":{"line":15,"column":6},"end":{"line":23,"column":7}}],"line":15},"1":{"loc":{"start":{"line":38,"column":6},"end":{"line":45,"column":7}},"type":"if","locations":[{"start":{"line":38,"column":6},"end":{"line":45,"column":7}},{"start":{"line":38,"column":6},"end":{"line":45,"column":7}}],"line":38}},"s":{"0":6,"1":6,"2":6,"3":0,"4":0,"5":0,"6":0,"7":0,"8":0,"9":0,"10":0,"11":6,"12":0,"13":0,"14":0,"15":0,"16":0,"17":0,"18":0,"19":0},"f":{"0":0,"1":0,"2":0,"3":0},"b":{"0":[0,0],"1":[0,0]},"_coverageSchema":"1a1c01bbd47fc00a2c39e90264f33305004495a9","hash":"58bbed592e99f8eb0fd115b32e4c0b06d00898f5"}
,"/data/store/actions/search.tsx": {"path":"/data/store/actions/search.tsx","statementMap":{"0":{"start":{"line":5,"column":33},"end":{"line":5,"column":52}},"1":{"start":{"line":6,"column":23},"end":{"line":6,"column":32}},"2":{"start":{"line":7,"column":36},"end":{"line":7,"column":58}},"3":{"start":{"line":10,"column":32},"end":{"line":46,"column":1}},"4":{"start":{"line":10,"column":38},"end":{"line":46,"column":1}},"5":{"start":{"line":13,"column":2},"end":{"line":45,"column":4}},"6":{"start":{"line":14,"column":4},"end":{"line":44,"column":5}},"7":{"start":{"line":15,"column":27},"end":{"line":15,"column":58}},"8":{"start":{"line":16,"column":6},"end":{"line":39,"column":7}},"9":{"start":{"line":17,"column":8},"end":{"line":17,"column":42}},"10":{"start":{"line":18,"column":8},"end":{"line":21,"column":11}},"11":{"start":{"line":22,"column":21},"end":{"line":22,"column":78}},"12":{"start":{"line":23,"column":19},"end":{"line":23,"column":39}},"13":{"start":{"line":24,"column":23},"end":{"line":27,"column":9}},"14":{"start":{"line":28,"column":24},"end":{"line":28,"column":38}},"15":{"start":{"line":29,"column":8},"end":{"line":38,"column":9}},"16":{"start":{"line":30,"column":10},"end":{"line":33,"column":13}},"17":{"start":{"line":34,"column":10},"end":{"line":37,"column":13}},"18":{"start":{"line":41,"column":6},"end":{"line":43,"column":8}},"19":{"start":{"line":48,"column":35},"end":{"line":77,"column":1}},"20":{"start":{"line":49,"column":2},"end":{"line":76,"column":4}},"21":{"start":{"line":50,"column":4},"end":{"line":75,"column":5}},"22":{"start":{"line":51,"column":6},"end":{"line":54,"column":9}},"23":{"start":{"line":55,"column":19},"end":{"line":55,"column":63}},"24":{"start":{"line":57,"column":23},"end":{"line":61,"column":7}},"25":{"start":{"line":63,"column":6},"end":{"line":68,"column":7}},"26":{"start":{"line":64,"column":8},"end":{"line":67,"column":11}},"27":{"start":{"line":69,"column":6},"end":{"line":72,"column":9}},"28":{"start":{"line":74,"column":6},"end":{"line":74,"column":51}}},"fnMap":{"0":{"name":"(anonymous_0)","decl":{"start":{"line":10,"column":32},"end":{"line":10,"column":33}},"loc":{"start":{"line":10,"column":38},"end":{"line":46,"column":1}},"line":10},"1":{"name":"(anonymous_1)","decl":{"start":{"line":10,"column":38},"end":{"line":10,"column":39}},"loc":{"start":{"line":12,"column":5},"end":{"line":46,"column":1}},"line":12},"2":{"name":"(anonymous_2)","decl":{"start":{"line":13,"column":9},"end":{"line":13,"column":10}},"loc":{"start":{"line":13,"column":21},"end":{"line":45,"column":3}},"line":13},"3":{"name":"(anonymous_3)","decl":{"start":{"line":48,"column":35},"end":{"line":48,"column":36}},"loc":{"start":{"line":48,"column":60},"end":{"line":77,"column":1}},"line":48},"4":{"name":"(anonymous_4)","decl":{"start":{"line":49,"column":9},"end":{"line":49,"column":10}},"loc":{"start":{"line":49,"column":65},"end":{"line":76,"column":3}},"line":49}},"branchMap":{"0":{"loc":{"start":{"line":16,"column":6},"end":{"line":39,"column":7}},"type":"if","locations":[{"start":{"line":16,"column":6},"end":{"line":39,"column":7}},{"start":{"line":16,"column":6},"end":{"line":39,"column":7}}],"line":16},"1":{"loc":{"start":{"line":29,"column":8},"end":{"line":38,"column":9}},"type":"if","locations":[{"start":{"line":29,"column":8},"end":{"line":38,"column":9}},{"start":{"line":29,"column":8},"end":{"line":38,"column":9}}],"line":29},"2":{"loc":{"start":{"line":63,"column":6},"end":{"line":68,"column":7}},"type":"if","locations":[{"start":{"line":63,"column":6},"end":{"line":68,"column":7}},{"start":{"line":63,"column":6},"end":{"line":68,"column":7}}],"line":63}},"s":{"0":5,"1":5,"2":5,"3":5,"4":0,"5":0,"6":0,"7":0,"8":0,"9":0,"10":0,"11":0,"12":0,"13":0,"14":0,"15":0,"16":0,"17":0,"18":0,"19":5,"20":0,"21":0,"22":0,"23":0,"24":0,"25":0,"26":0,"27":0,"28":0},"f":{"0":0,"1":0,"2":0,"3":0,"4":0},"b":{"0":[0,0],"1":[0,0],"2":[0,0]},"_coverageSchema":"1a1c01bbd47fc00a2c39e90264f33305004495a9","hash":"e14447d70038ec7d3fe9fff91a9bb54e8cdc2ac7"}
,"/data/store/actions/tags.tsx": {"path":"/data/store/actions/tags.tsx","statementMap":{"0":{"start":{"line":5,"column":20},"end":{"line":5,"column":33}},"1":{"start":{"line":6,"column":28},"end":{"line":6,"column":42}},"2":{"start":{"line":8,"column":34},"end":{"line":35,"column":1}},"3":{"start":{"line":8,"column":40},"end":{"line":35,"column":1}},"4":{"start":{"line":11,"column":2},"end":{"line":34,"column":4}},"5":{"start":{"line":12,"column":4},"end":{"line":33,"column":5}},"6":{"start":{"line":13,"column":21},"end":{"line":13,"column":66}},"7":{"start":{"line":14,"column":19},"end":{"line":14,"column":33}},"8":{"start":{"line":15,"column":6},"end":{"line":18,"column":9}},"9":{"start":{"line":19,"column":6},"end":{"line":29,"column":7}},"10":{"start":{"line":20,"column":8},"end":{"line":23,"column":11}},"11":{"start":{"line":24,"column":8},"end":{"line":24,"column":26}},"12":{"start":{"line":25,"column":8},"end":{"line":28,"column":11}},"13":{"start":{"line":30,"column":6},"end":{"line":30,"column":38}},"14":{"start":{"line":32,"column":6},"end":{"line":32,"column":45}}},"fnMap":{"0":{"name":"(anonymous_0)","decl":{"start":{"line":8,"column":34},"end":{"line":8,"column":35}},"loc":{"start":{"line":8,"column":40},"end":{"line":35,"column":1}},"line":8},"1":{"name":"(anonymous_1)","decl":{"start":{"line":8,"column":40},"end":{"line":8,"column":41}},"loc":{"start":{"line":10,"column":5},"end":{"line":35,"column":1}},"line":10},"2":{"name":"(anonymous_2)","decl":{"start":{"line":11,"column":9},"end":{"line":11,"column":10}},"loc":{"start":{"line":11,"column":21},"end":{"line":34,"column":3}},"line":11}},"branchMap":{"0":{"loc":{"start":{"line":19,"column":6},"end":{"line":29,"column":7}},"type":"if","locations":[{"start":{"line":19,"column":6},"end":{"line":29,"column":7}},{"start":{"line":19,"column":6},"end":{"line":29,"column":7}}],"line":19}},"s":{"0":5,"1":5,"2":5,"3":0,"4":0,"5":0,"6":0,"7":0,"8":0,"9":0,"10":0,"11":0,"12":0,"13":0,"14":0},"f":{"0":0,"1":0,"2":0},"b":{"0":[0,0]},"_coverageSchema":"1a1c01bbd47fc00a2c39e90264f33305004495a9","hash":"0adc21ae5c57b3d04cc4209d892eeea15cc4dceb"}
,"/data/styles/Colors/index.tsx": {"path":"/data/styles/Colors/index.tsx","statementMap":{"0":{"start":{"line":1,"column":26},"end":{"line":5,"column":1}},"1":{"start":{"line":7,"column":31},"end":{"line":12,"column":1}},"2":{"start":{"line":14,"column":27},"end":{"line":18,"column":1}}},"fnMap":{},"branchMap":{},"s":{"0":8,"1":8,"2":8},"f":{},"b":{},"_coverageSchema":"1a1c01bbd47fc00a2c39e90264f33305004495a9","hash":"e7b07cb390102de3b41af285cfee0823a0a739c5"}
,"/data/styles/Fonts/Fonts.tsx": {"path":"/data/styles/Fonts/Fonts.tsx","statementMap":{"0":{"start":{"line":1,"column":21},"end":{"line":9,"column":1}}},"fnMap":{},"branchMap":{},"s":{"0":3},"f":{},"b":{},"_coverageSchema":"1a1c01bbd47fc00a2c39e90264f33305004495a9","hash":"66e278f1bf0c2366af0e7cb6052e120349ddbe66"}
,"/data/styles/Fonts/FontsStyles.tsx": {"path":"/data/styles/Fonts/FontsStyles.tsx","statementMap":{"0":{"start":{"line":4,"column":26},"end":{"line":27,"column":2}}},"fnMap":{},"branchMap":{},"s":{"0":3},"f":{},"b":{},"_coverageSchema":"1a1c01bbd47fc00a2c39e90264f33305004495a9","hash":"e2017299ab3433a5ce777c7c9c5d2753d2e8ad64"}
,"/data/styles/Fonts/index.tsx": {"path":"/data/styles/Fonts/index.tsx","statementMap":{},"fnMap":{},"branchMap":{},"s":{},"f":{},"b":{},"_coverageSchema":"1a1c01bbd47fc00a2c39e90264f33305004495a9","hash":"6d920f83b252caae0a8318fd80a91928bb5ffdac"}
,"/data/utility/CheckConnection.tsx": {"path":"/data/utility/CheckConnection.tsx","statementMap":{"0":{"start":{"line":3,"column":30},"end":{"line":7,"column":1}},"1":{"start":{"line":4,"column":4},"end":{"line":6,"column":9}},"2":{"start":{"line":5,"column":8},"end":{"line":5,"column":33}}},"fnMap":{"0":{"name":"(anonymous_0)","decl":{"start":{"line":3,"column":30},"end":{"line":3,"column":31}},"loc":{"start":{"line":3,"column":36},"end":{"line":7,"column":1}},"line":3},"1":{"name":"(anonymous_1)","decl":{"start":{"line":4,"column":32},"end":{"line":4,"column":33}},"loc":{"start":{"line":4,"column":48},"end":{"line":6,"column":7}},"line":4}},"branchMap":{},"s":{"0":1,"1":4,"2":0},"f":{"0":4,"1":0},"b":{},"_coverageSchema":"1a1c01bbd47fc00a2c39e90264f33305004495a9","hash":"d513d37ff9c8e129de9ce49f79caa08aa57eeae5"}
,"/data/utility/FaceBookUtil.tsx": {"path":"/data/utility/FaceBookUtil.tsx","statementMap":{"0":{"start":{"line":5,"column":29},"end":{"line":13,"column":1}},"1":{"start":{"line":6,"column":26},"end":{"line":6,"column":64}},"2":{"start":{"line":7,"column":4},"end":{"line":7,"column":50}},"3":{"start":{"line":8,"column":21},"end":{"line":10,"column":6}},"4":{"start":{"line":12,"column":4},"end":{"line":12,"column":20}}},"fnMap":{"0":{"name":"(anonymous_0)","decl":{"start":{"line":5,"column":29},"end":{"line":5,"column":30}},"loc":{"start":{"line":5,"column":41},"end":{"line":13,"column":1}},"line":5}},"branchMap":{},"s":{"0":6,"1":0,"2":0,"3":0,"4":0},"f":{"0":0},"b":{},"_coverageSchema":"1a1c01bbd47fc00a2c39e90264f33305004495a9","hash":"d5e80a5aafa3c3b1ce6884a670a97366516e35c2"}
,"/data/utility/GoogleUtil.tsx": {"path":"/data/utility/GoogleUtil.tsx","statementMap":{"0":{"start":{"line":5,"column":27},"end":{"line":18,"column":1}},"1":{"start":{"line":6,"column":34},"end":{"line":6,"column":80}},"2":{"start":{"line":7,"column":47},"end":{"line":7,"column":106}},"3":{"start":{"line":8,"column":30},"end":{"line":8,"column":72}},"4":{"start":{"line":10,"column":21},"end":{"line":16,"column":6}},"5":{"start":{"line":17,"column":4},"end":{"line":17,"column":20}}},"fnMap":{"0":{"name":"(anonymous_0)","decl":{"start":{"line":5,"column":27},"end":{"line":5,"column":28}},"loc":{"start":{"line":5,"column":39},"end":{"line":18,"column":1}},"line":5}},"branchMap":{},"s":{"0":6,"1":0,"2":0,"3":0,"4":0,"5":0},"f":{"0":0},"b":{},"_coverageSchema":"1a1c01bbd47fc00a2c39e90264f33305004495a9","hash":"2e092bd6bc388a89cbd7f9651a3d24bace72cf49"}
}
