TN:
SF:assets/fonts/Lato-Bold.ttf
FNF:0
FNH:0
DA:1,3
LF:1
LH:1
BRF:0
BRH:0
end_of_record
TN:
SF:assets/fonts/Lato-Medium.ttf
FNF:0
FNH:0
DA:1,3
LF:1
LH:1
BRF:0
BRH:0
end_of_record
TN:
SF:assets/fonts/Lato-Regular.ttf
FNF:0
FNH:0
DA:1,3
LF:1
LH:1
BRF:0
BRH:0
end_of_record
TN:
SF:assets/fonts/LatoSemibold.ttf
FNF:0
FNH:0
DA:1,3
LF:1
LH:1
BRF:0
BRH:0
end_of_record
TN:
SF:assets/fonts/Octarine-Bold.otf
FNF:0
FNH:0
DA:1,3
LF:1
LH:1
BRF:0
BRH:0
end_of_record
TN:
SF:assets/fonts/Poppins-Regular.ttf
FNF:0
FNH:0
DA:1,3
LF:1
LH:1
BRF:0
BRH:0
end_of_record
TN:
SF:assets/fonts/geomanist-regular-webfont.ttf
FNF:0
FNH:0
DA:1,3
LF:1
LH:1
BRF:0
BRH:0
end_of_record
TN:
SF:assets/images/default_profile_pic.jpg
FNF:0
FNH:0
DA:1,2
LF:1
LH:1
BRF:0
BRH:0
end_of_record
TN:
SF:assets/images/sorry.jpg
FNF:0
FNH:0
DA:1,1
LF:1
LH:1
BRF:0
BRH:0
end_of_record
TN:
SF:components/home/HorizontalScroller/HorizontalScroller.tsx
FN:24,(anonymous_0)
FN:60,(anonymous_1)
FNF:2
FNH:1
FNDA:9,(anonymous_0)
FNDA:0,(anonymous_1)
DA:10,2
DA:11,2
DA:24,2
DA:25,9
DA:26,9
DA:27,9
DA:28,9
DA:29,9
DA:30,9
DA:31,9
DA:32,9
DA:33,9
DA:34,9
DA:35,9
DA:36,9
DA:37,9
DA:38,9
DA:39,9
DA:40,0
DA:41,0
DA:42,0
DA:43,0
DA:47,9
DA:60,0
DA:126,2
DA:148,2
LF:26
LH:21
BRDA:11,0,0,0
BRDA:11,0,1,2
BRDA:11,1,0,2
BRDA:11,1,1,0
BRDA:11,1,2,0
BRF:5
BRH:2
end_of_record
TN:
SF:components/home/LookMedia/LookMedia.tsx
FN:29,(anonymous_0)
FN:43,(anonymous_1)
FN:44,(anonymous_2)
FN:49,(anonymous_3)
FN:52,(anonymous_4)
FN:71,(anonymous_5)
FN:79,(anonymous_6)
FN:85,(anonymous_7)
FNF:8
FNH:4
FNDA:37,(anonymous_0)
FNDA:6,(anonymous_1)
FNDA:6,(anonymous_2)
FNDA:25,(anonymous_3)
FNDA:0,(anonymous_4)
FNDA:0,(anonymous_5)
FNDA:0,(anonymous_6)
FNDA:0,(anonymous_7)
DA:10,3
DA:13,3
DA:27,3
DA:28,3
DA:29,3
DA:39,37
DA:40,37
DA:41,37
DA:42,37
DA:43,37
DA:44,6
DA:45,6
DA:49,37
DA:50,25
DA:51,6
DA:52,6
DA:56,37
DA:70,37
DA:71,0
DA:80,0
DA:81,0
DA:82,0
DA:83,0
DA:85,0
DA:86,0
DA:87,0
DA:95,0
DA:122,3
DA:171,3
LF:29
LH:20
BRDA:50,0,0,6
BRDA:50,0,1,19
BRDA:56,1,0,0
BRDA:56,1,1,37
BRDA:98,2,0,0
BRDA:98,2,1,0
BRDA:98,3,0,0
BRDA:98,3,1,0
BRDA:98,3,2,0
BRDA:98,3,3,0
BRDA:102,4,0,0
BRDA:102,4,1,0
BRDA:102,5,0,0
BRDA:102,5,1,0
BRDA:102,5,2,0
BRDA:102,5,3,0
BRDA:106,6,0,0
BRDA:106,6,1,0
BRDA:106,7,0,0
BRDA:106,7,1,0
BRDA:106,7,2,0
BRDA:106,7,3,0
BRF:22
BRH:3
end_of_record
TN:
SF:components/home/SideBar/SideBar.tsx
FN:14,(anonymous_0)
FN:24,(anonymous_1)
FN:34,(anonymous_2)
FN:43,(anonymous_3)
FN:50,(anonymous_4)
FN:53,(anonymous_5)
FN:54,(anonymous_6)
FN:60,(anonymous_7)
FN:61,(anonymous_8)
FNF:9
FNH:1
FNDA:9,(anonymous_0)
FNDA:0,(anonymous_1)
FNDA:0,(anonymous_2)
FNDA:0,(anonymous_3)
FNDA:0,(anonymous_4)
FNDA:0,(anonymous_5)
FNDA:0,(anonymous_6)
FNDA:0,(anonymous_7)
FNDA:0,(anonymous_8)
DA:13,2
DA:14,2
DA:19,9
DA:20,9
DA:35,0
DA:44,0
DA:51,0
DA:54,0
DA:55,0
DA:61,0
DA:62,0
DA:81,2
LF:12
LH:5
BRDA:51,0,0,0
BRDA:51,0,1,0
BRDA:55,1,0,0
BRDA:55,1,1,0
BRDA:62,2,0,0
BRDA:62,2,1,0
BRF:6
BRH:0
end_of_record
TN:
SF:components/notifications/HiddenItem/HiddenItem.tsx
FN:16,(anonymous_0)
FN:20,(anonymous_1)
FNF:2
FNH:2
FNDA:12,(anonymous_0)
FNDA:1,(anonymous_1)
DA:16,2
DA:17,12
DA:18,12
DA:20,1
DA:31,2
LF:5
LH:5
BRDA:17,0,0,0
BRDA:17,0,1,12
BRF:2
BRH:1
end_of_record
TN:
SF:components/notifications/VisibleItem/VisibleItem.tsx
FN:18,(anonymous_0)
FNF:1
FNH:1
FNDA:17,(anonymous_0)
DA:18,2
DA:19,17
DA:20,17
DA:57,2
LF:4
LH:4
BRDA:19,0,0,5
BRDA:19,0,1,12
BRDA:23,1,0,4
BRDA:23,1,1,13
BRDA:31,2,0,5
BRDA:31,2,1,12
BRDA:37,3,0,0
BRDA:37,3,1,5
BRF:8
BRH:7
end_of_record
TN:
SF:components/orderScreenComponents/OrderCard/index.tsx
FN:16,(anonymous_0)
FNF:1
FNH:0
FNDA:0,(anonymous_0)
DA:9,1
DA:16,1
DA:17,0
LF:3
LH:2
BRDA:26,0,0,0
BRDA:26,0,1,0
BRF:2
BRH:0
end_of_record
TN:
SF:components/orderScreenComponents/OrderCard/styles.tsx
FNF:0
FNH:0
DA:4,1
LF:1
LH:1
BRF:0
BRH:0
end_of_record
TN:
SF:components/orderScreenComponents/OrderItem/OrderItem.tsx
FN:22,(anonymous_0)
FN:30,(anonymous_1)
FN:31,(anonymous_2)
FN:42,(anonymous_3)
FN:85,(anonymous_4)
FN:91,(anonymous_5)
FN:98,(anonymous_6)
FN:113,(anonymous_7)
FN:116,(anonymous_8)
FN:136,(anonymous_9)
FN:150,(anonymous_10)
FN:165,(anonymous_11)
FNF:12
FNH:7
FNDA:44,(anonymous_0)
FNDA:0,(anonymous_1)
FNDA:1,(anonymous_2)
FNDA:0,(anonymous_3)
FNDA:1,(anonymous_4)
FNDA:6,(anonymous_5)
FNDA:1,(anonymous_6)
FNDA:3,(anonymous_7)
FNDA:0,(anonymous_8)
FNDA:2,(anonymous_9)
FNDA:0,(anonymous_10)
FNDA:0,(anonymous_11)
DA:18,4
DA:19,4
DA:22,4
DA:23,44
DA:24,44
DA:25,44
DA:26,44
DA:27,44
DA:28,44
DA:29,44
DA:30,44
DA:31,44
DA:32,1
DA:33,0
DA:34,0
DA:35,0
DA:38,1
DA:39,1
DA:42,44
DA:43,0
DA:44,0
DA:45,0
DA:46,0
DA:48,44
DA:85,1
DA:92,6
DA:99,1
DA:114,3
DA:117,0
DA:136,2
DA:150,0
DA:174,4
LF:32
LH:23
BRDA:32,0,0,0
BRDA:32,0,1,1
BRDA:32,1,0,1
BRDA:32,1,1,1
BRDA:32,1,2,0
BRDA:50,2,0,2
BRDA:50,2,1,42
BRDA:55,3,0,43
BRDA:55,3,1,1
BRDA:55,4,0,44
BRDA:55,4,1,42
BRDA:64,5,0,2
BRDA:64,5,1,41
BRDA:78,6,0,2
BRDA:78,6,1,42
BRDA:87,7,0,41
BRDA:87,7,1,3
BRDA:91,8,0,41
BRDA:91,8,1,0
BRDA:95,9,0,3
BRDA:95,9,1,3
BRDA:104,10,0,3
BRDA:104,10,1,3
BRDA:113,11,0,41
BRDA:113,11,1,0
BRDA:124,12,0,3
BRDA:124,12,1,0
BRDA:140,13,0,0
BRDA:140,13,1,44
BRDA:154,14,0,1
BRDA:154,14,1,43
BRF:31
BRH:25
end_of_record
TN:
SF:components/shared/CallOut/index.tsx
FN:10,(anonymous_0)
FN:11,(anonymous_1)
FNF:2
FNH:2
FNDA:7,(anonymous_0)
FNDA:7,(anonymous_1)
DA:10,4
DA:11,7
DA:12,7
DA:13,4
DA:28,3
DA:29,1
DA:44,2
DA:45,1
DA:61,1
DA:78,7
LF:10
LH:10
BRDA:12,0,0,4
BRDA:12,0,1,3
BRDA:28,1,0,1
BRDA:28,1,1,2
BRDA:44,2,0,1
BRDA:44,2,1,1
BRF:6
BRH:6
end_of_record
TN:
SF:components/shared/CallOut/styles.tsx
FNF:0
FNH:0
DA:3,4
LF:1
LH:1
BRF:0
BRH:0
end_of_record
TN:
SF:components/shared/Popup/index.tsx
FN:9,(anonymous_0)
FN:10,(anonymous_1)
FN:28,(anonymous_2)
FNF:3
FNH:3
FNDA:48,(anonymous_0)
FNDA:1,(anonymous_1)
FNDA:1,(anonymous_2)
DA:9,5
DA:10,48
DA:11,1
DA:12,1
DA:15,48
DA:28,1
LF:6
LH:6
BRDA:11,0,0,1
BRDA:11,0,1,0
BRDA:12,1,0,0
BRDA:12,1,1,1
BRDA:17,2,0,46
BRDA:17,2,1,2
BRF:6
BRH:4
end_of_record
TN:
SF:components/shared/Popup/styles.tsx
FNF:0
FNH:0
DA:2,5
DA:3,5
DA:5,5
LF:3
LH:3
BRF:0
BRH:0
end_of_record
TN:
SF:components/shared/Tag/index.tsx
FN:6,(anonymous_0)
FN:12,(anonymous_1)
FNF:2
FNH:2
FNDA:4,(anonymous_0)
FNDA:3,(anonymous_1)
DA:6,1
DA:9,4
DA:12,3
LF:3
LH:3
BRDA:14,0,0,3
BRDA:14,0,1,1
BRF:2
BRH:2
end_of_record
TN:
SF:components/shared/VerticalScroller/VerticalScroller.tsx
FN:23,(anonymous_0)
FN:30,(anonymous_1)
FN:31,(anonymous_2)
FN:36,(anonymous_3)
FN:37,(anonymous_4)
FN:44,(anonymous_5)
FN:45,(anonymous_6)
FN:50,(anonymous_7)
FN:55,(anonymous_8)
FN:58,(anonymous_9)
FN:65,(anonymous_10)
FN:71,(anonymous_11)
FN:77,(anonymous_12)
FN:80,(anonymous_13)
FN:86,(anonymous_14)
FN:100,(anonymous_15)
FN:102,(anonymous_16)
FNF:17
FNH:7
FNDA:12,(anonymous_0)
FNDA:8,(anonymous_1)
FNDA:8,(anonymous_2)
FNDA:0,(anonymous_3)
FNDA:0,(anonymous_4)
FNDA:4,(anonymous_5)
FNDA:0,(anonymous_6)
FNDA:0,(anonymous_7)
FNDA:8,(anonymous_8)
FNDA:0,(anonymous_9)
FNDA:0,(anonymous_10)
FNDA:0,(anonymous_11)
FNDA:0,(anonymous_12)
FNDA:0,(anonymous_13)
FNDA:0,(anonymous_14)
FNDA:8,(anonymous_15)
FNDA:8,(anonymous_16)
DA:13,1
DA:23,1
DA:24,12
DA:25,12
DA:26,12
DA:27,12
DA:28,12
DA:29,12
DA:30,12
DA:31,8
DA:32,8
DA:36,12
DA:37,0
DA:38,0
DA:39,0
DA:41,0
DA:44,12
DA:45,4
DA:46,0
DA:47,0
DA:49,4
DA:50,4
DA:51,0
DA:55,12
DA:56,8
DA:57,8
DA:58,8
DA:60,8
DA:62,8
DA:63,4
DA:64,4
DA:65,4
DA:66,0
DA:71,12
DA:72,0
DA:73,0
DA:74,0
DA:75,0
DA:76,0
DA:77,0
DA:80,12
DA:81,0
DA:82,0
DA:83,0
DA:84,0
DA:85,0
DA:86,0
DA:88,0
DA:89,0
DA:92,12
DA:100,8
DA:103,8
DA:127,1
LF:53
LH:31
BRDA:39,0,0,0
BRDA:39,0,1,0
BRDA:47,1,0,0
BRDA:47,1,1,0
BRDA:56,2,0,8
BRDA:56,2,1,0
BRDA:60,3,0,8
BRDA:60,3,1,0
BRDA:60,3,2,0
BRDA:62,4,0,4
BRDA:62,4,1,4
BRDA:62,5,0,8
BRDA:62,5,1,4
BRDA:84,6,0,0
BRDA:84,6,1,0
BRDA:94,7,0,0
BRDA:94,7,1,12
BRDA:95,8,0,0
BRDA:95,8,1,12
BRDA:95,9,0,12
BRDA:95,9,1,8
BRDA:106,10,0,4
BRDA:106,10,1,4
BRDA:106,11,0,8
BRDA:106,11,1,4
BRF:25
BRH:14
end_of_record
TN:
SF:components/shared/buttons/index.tsx
FNF:0
FNH:0
LF:0
LH:0
BRF:0
BRH:0
end_of_record
TN:
SF:components/shared/buttons/Button/index.tsx
FN:8,(anonymous_0)
FNF:1
FNH:1
FNDA:49,(anonymous_0)
DA:8,7
DA:9,49
DA:11,49
LF:3
LH:3
BRDA:8,0,0,0
BRDA:13,1,0,48
BRDA:13,1,1,1
BRF:3
BRH:2
end_of_record
TN:
SF:components/shared/buttons/Button/styles.tsx
FNF:0
FNH:0
DA:3,7
DA:4,7
LF:2
LH:2
BRF:0
BRH:0
end_of_record
TN:
SF:components/shared/buttons/ImageButton/index.tsx
FN:8,(anonymous_0)
FN:10,(anonymous_1)
FNF:2
FNH:2
FNDA:5,(anonymous_0)
FNDA:5,(anonymous_1)
DA:8,7
DA:9,5
DA:10,5
DA:11,5
DA:12,1
DA:15,4
DA:22,5
LF:7
LH:7
BRDA:11,0,0,1
BRDA:11,0,1,4
BRF:2
BRH:2
end_of_record
TN:
SF:components/shared/buttons/ImageButton/styles.tsx
FNF:0
FNH:0
DA:3,7
LF:1
LH:1
BRF:0
BRH:0
end_of_record
TN:
SF:components/shared/buttons/SocialButton/index.tsx
FN:7,(anonymous_0)
FNF:1
FNH:1
FNDA:5,(anonymous_0)
DA:7,7
DA:9,5
LF:2
LH:2
BRF:0
BRH:0
end_of_record
TN:
SF:components/shared/buttons/SocialButton/styles.tsx
FNF:0
FNH:0
DA:2,7
DA:4,7
LF:2
LH:2
BRF:0
BRH:0
end_of_record
TN:
SF:components/shared/views/LoadingView/index.tsx
FN:4,(anonymous_0)
FNF:1
FNH:1
FNDA:7,(anonymous_0)
DA:3,2
DA:4,2
DA:5,7
DA:12,2
LF:4
LH:4
BRF:0
BRH:0
end_of_record
TN:
SF:components/shared/views/NoConnectionView/index.tsx
FN:5,(anonymous_0)
FNF:1
FNH:0
FNDA:0,(anonymous_0)
DA:4,1
DA:5,1
DA:6,0
DA:19,1
LF:4
LH:3
BRF:0
BRH:0
end_of_record
TN:
SF:config/Routes.tsx
FNF:0
FNH:0
LF:0
LH:0
BRF:0
BRH:0
end_of_record
TN:
SF:entities/Look.tsx
FN:13,(anonymous_0)
FNF:1
FNH:1
FNDA:3,(anonymous_0)
DA:26,3
DA:28,3
DA:29,3
DA:30,3
DA:31,3
DA:32,3
DA:33,3
DA:34,3
DA:35,3
DA:36,3
LF:10
LH:10
BRF:0
BRH:0
end_of_record
TN:
SF:entities/Notification.tsx
FN:14,(anonymous_0)
FNF:1
FNH:1
FNDA:3,(anonymous_0)
DA:24,3
DA:26,3
DA:27,3
DA:28,3
DA:29,3
DA:30,3
DA:31,3
LF:7
LH:7
BRF:0
BRH:0
end_of_record
TN:
SF:entities/Product.tsx
FN:15,(anonymous_0)
FNF:1
FNH:1
FNDA:42,(anonymous_0)
DA:29,42
DA:30,42
DA:31,42
DA:32,42
DA:33,42
DA:34,42
DA:35,42
DA:36,42
DA:37,42
DA:38,42
DA:39,42
DA:40,42
LF:12
LH:12
BRF:0
BRH:0
end_of_record
TN:
SF:entities/User.tsx
FN:13,(anonymous_0)
FNF:1
FNH:1
FNDA:11,(anonymous_0)
DA:21,11
DA:22,11
DA:23,11
DA:24,11
DA:25,11
DA:26,11
DA:27,11
DA:28,11
LF:8
LH:8
BRF:0
BRH:0
end_of_record
TN:
SF:screens/NotificationsScreen/index.tsx
FN:15,(anonymous_0)
FN:34,(anonymous_1)
FN:38,(anonymous_2)
FN:42,(anonymous_3)
FN:49,(anonymous_4)
FN:58,(anonymous_5)
FN:67,(anonymous_6)
FN:76,(anonymous_7)
FN:82,(anonymous_8)
FN:89,(anonymous_9)
FN:93,(anonymous_10)
FN:103,(anonymous_11)
FN:112,(anonymous_12)
FN:118,(anonymous_13)
FN:131,(anonymous_14)
FNF:15
FNH:9
FNDA:3,(anonymous_0)
FNDA:0,(anonymous_1)
FNDA:1,(anonymous_2)
FNDA:0,(anonymous_3)
FNDA:10,(anonymous_4)
FNDA:10,(anonymous_5)
FNDA:6,(anonymous_6)
FNDA:3,(anonymous_7)
FNDA:0,(anonymous_8)
FNDA:0,(anonymous_9)
FNDA:9,(anonymous_10)
FNDA:0,(anonymous_11)
FNDA:1,(anonymous_12)
FNDA:20,(anonymous_13)
FNDA:0,(anonymous_14)
DA:16,3
DA:18,3
DA:25,3
DA:26,3
DA:27,3
DA:28,3
DA:29,3
DA:30,3
DA:31,3
DA:35,0
DA:39,1
DA:43,0
DA:44,0
DA:45,0
DA:46,0
DA:49,3
DA:50,10
DA:58,3
DA:59,10
DA:67,3
DA:68,6
DA:77,3
DA:78,3
DA:79,3
DA:83,0
DA:84,0
DA:85,0
DA:86,0
DA:89,3
DA:90,0
DA:94,9
DA:103,0
DA:112,1
DA:118,20
DA:132,0
DA:133,0
DA:149,1
LF:37
LH:24
BRDA:43,0,0,0
BRDA:43,0,1,0
BRDA:69,1,0,0
BRDA:69,1,1,6
BRDA:115,2,0,3
BRDA:115,2,1,6
BRF:6
BRH:3
end_of_record
TN:
SF:screens/NotificationsScreen/styles.tsx
FNF:0
FNH:0
DA:4,1
LF:1
LH:1
BRF:0
BRH:0
end_of_record
TN:
SF:screens/NotificationsScreen/types.tsx
FN:35,(anonymous_0)
FN:41,(anonymous_1)
FN:43,(anonymous_2)
FN:44,(anonymous_3)
FN:45,(anonymous_4)
FN:46,(anonymous_5)
FNF:6
FNH:0
FNDA:0,(anonymous_0)
FNDA:0,(anonymous_1)
FNDA:0,(anonymous_2)
FNDA:0,(anonymous_3)
FNDA:0,(anonymous_4)
FNDA:0,(anonymous_5)
DA:35,1
DA:36,0
DA:41,1
DA:42,0
DA:43,0
DA:44,0
DA:45,0
DA:46,0
LF:8
LH:2
BRF:0
BRH:0
end_of_record
TN:
SF:screens/ProfileScreen/EditProfileScreen/index.tsx
FN:17,(anonymous_0)
FN:27,(anonymous_1)
FN:34,(anonymous_2)
FN:45,(anonymous_3)
FN:60,(anonymous_4)
FN:85,(anonymous_5)
FN:98,(anonymous_6)
FNF:7
FNH:4
FNDA:2,(anonymous_0)
FNDA:1,(anonymous_1)
FNDA:2,(anonymous_2)
FNDA:0,(anonymous_3)
FNDA:1,(anonymous_4)
FNDA:0,(anonymous_5)
FNDA:0,(anonymous_6)
DA:18,2
DA:20,2
DA:24,2
DA:28,1
DA:29,1
DA:30,1
DA:31,1
DA:35,2
DA:45,0
DA:61,1
DA:62,1
DA:85,0
DA:98,0
DA:112,1
LF:14
LH:11
BRDA:68,0,0,0
BRDA:68,0,1,2
BRDA:89,1,0,2
BRDA:89,1,1,0
BRDA:101,2,0,2
BRDA:101,2,1,0
BRF:6
BRH:3
end_of_record
TN:
SF:screens/ProfileScreen/EditProfileScreen/styles.tsx
FNF:0
FNH:0
DA:4,1
LF:1
LH:1
BRF:0
BRH:0
end_of_record
TN:
SF:screens/ProfileScreen/EditProfileScreen/types.tsx
FN:26,(anonymous_0)
FN:36,(anonymous_1)
FN:38,(anonymous_2)
FNF:3
FNH:0
FNDA:0,(anonymous_0)
FNDA:0,(anonymous_1)
FNDA:0,(anonymous_2)
DA:26,1
DA:27,0
DA:36,1
DA:37,0
DA:38,0
LF:5
LH:2
BRF:0
BRH:0
end_of_record
TN:
SF:screens/ProfileScreen/MyProfileScreen/index.tsx
FN:19,(anonymous_0)
FN:25,(anonymous_1)
FN:42,(anonymous_2)
FN:48,(anonymous_3)
FN:87,(anonymous_4)
FN:104,(anonymous_5)
FNF:6
FNH:2
FNDA:5,(anonymous_0)
FNDA:5,(anonymous_1)
FNDA:0,(anonymous_2)
FNDA:0,(anonymous_3)
FNDA:0,(anonymous_4)
FNDA:0,(anonymous_5)
DA:20,5
DA:22,5
DA:26,5
DA:42,0
DA:49,0
DA:88,0
DA:105,0
DA:117,1
LF:8
LH:4
BRDA:52,0,0,0
BRDA:52,0,1,5
BRDA:70,1,0,3
BRDA:70,1,1,2
BRDA:75,2,0,3
BRDA:75,2,1,2
BRF:6
BRH:5
end_of_record
TN:
SF:screens/ProfileScreen/MyProfileScreen/styles.tsx
FNF:0
FNH:0
DA:4,1
LF:1
LH:1
BRF:0
BRH:0
end_of_record
TN:
SF:screens/ProfileScreen/MyProfileScreen/types.tsx
FN:20,(anonymous_0)
FN:30,(anonymous_1)
FNF:2
FNH:0
FNDA:0,(anonymous_0)
FNDA:0,(anonymous_1)
DA:20,1
DA:21,0
DA:30,1
DA:31,0
LF:4
LH:2
BRF:0
BRH:0
end_of_record
TN:
SF:services/Storage.tsx
FN:5,(anonymous_0)
FN:14,(anonymous_1)
FN:22,(anonymous_2)
FNF:3
FNH:3
FNDA:1,(anonymous_0)
FNDA:1,(anonymous_1)
FNDA:1,(anonymous_2)
DA:5,8
DA:6,1
DA:7,1
DA:9,0
DA:14,8
DA:15,1
DA:16,1
DA:18,0
DA:23,1
DA:24,1
DA:26,0
LF:11
LH:8
BRF:0
BRH:0
end_of_record
TN:
SF:services/index.tsx
FNF:0
FNH:0
LF:0
LH:0
BRF:0
BRH:0
end_of_record
TN:
SF:store/actions/auth.tsx
FN:18,(anonymous_0)
FN:18,(anonymous_1)
FN:21,(anonymous_2)
FN:44,(anonymous_3)
FN:44,(anonymous_4)
FN:47,(anonymous_5)
FN:67,(anonymous_6)
FN:67,(anonymous_7)
FN:70,(anonymous_8)
FN:75,(anonymous_9)
FN:75,(anonymous_10)
FN:76,(anonymous_11)
FN:89,(anonymous_12)
FN:89,(anonymous_13)
FN:90,(anonymous_14)
FN:96,(anonymous_15)
FN:101,(anonymous_16)
FN:106,(anonymous_17)
FNF:18
FNH:0
FNDA:0,(anonymous_0)
FNDA:0,(anonymous_1)
FNDA:0,(anonymous_2)
FNDA:0,(anonymous_3)
FNDA:0,(anonymous_4)
FNDA:0,(anonymous_5)
FNDA:0,(anonymous_6)
FNDA:0,(anonymous_7)
FNDA:0,(anonymous_8)
FNDA:0,(anonymous_9)
FNDA:0,(anonymous_10)
FNDA:0,(anonymous_11)
FNDA:0,(anonymous_12)
FNDA:0,(anonymous_13)
FNDA:0,(anonymous_14)
FNDA:0,(anonymous_15)
FNDA:0,(anonymous_16)
FNDA:0,(anonymous_17)
DA:13,6
DA:14,6
DA:15,6
DA:16,6
DA:18,6
DA:21,0
DA:22,0
DA:23,0
DA:25,0
DA:29,0
DA:32,0
DA:33,0
DA:34,0
DA:38,0
DA:39,0
DA:44,6
DA:47,0
DA:48,0
DA:49,0
DA:51,0
DA:52,0
DA:55,0
DA:56,0
DA:57,0
DA:61,0
DA:62,0
DA:67,6
DA:70,0
DA:71,0
DA:75,6
DA:76,0
DA:78,0
DA:79,0
DA:80,0
DA:85,0
DA:89,6
DA:90,0
DA:91,0
DA:92,0
DA:96,6
DA:101,6
DA:106,6
LF:42
LH:12
BRDA:25,0,0,0
BRDA:25,0,1,0
BRDA:32,1,0,0
BRDA:32,1,1,0
BRDA:51,2,0,0
BRDA:51,2,1,0
BRDA:55,3,0,0
BRDA:55,3,1,0
BRDA:79,4,0,0
BRDA:79,4,1,0
BRF:10
BRH:0
end_of_record
TN:
SF:store/actions/favorites.tsx
FN:14,(anonymous_0)
FN:15,(anonymous_1)
FN:35,(anonymous_2)
FN:36,(anonymous_3)
FN:57,(anonymous_4)
FN:58,(anonymous_5)
FNF:6
FNH:0
FNDA:0,(anonymous_0)
FNDA:0,(anonymous_1)
FNDA:0,(anonymous_2)
FNDA:0,(anonymous_3)
FNDA:0,(anonymous_4)
FNDA:0,(anonymous_5)
DA:8,5
DA:9,5
DA:10,5
DA:14,5
DA:15,0
DA:16,0
DA:17,0
DA:18,0
DA:19,0
DA:21,0
DA:22,0
DA:27,0
DA:29,0
DA:34,5
DA:35,5
DA:36,0
DA:37,0
DA:38,0
DA:39,0
DA:40,0
DA:47,0
DA:48,0
DA:50,0
DA:52,0
DA:57,5
DA:58,0
DA:59,0
DA:60,0
DA:61,0
DA:66,0
DA:67,0
DA:69,0
DA:71,0
LF:33
LH:7
BRDA:21,0,0,0
BRDA:21,0,1,0
BRDA:47,1,0,0
BRDA:47,1,1,0
BRDA:66,2,0,0
BRDA:66,2,1,0
BRF:6
BRH:0
end_of_record
TN:
SF:store/actions/index.tsx
FNF:0
FNH:0
LF:0
LH:0
BRF:0
BRH:0
end_of_record
TN:
SF:store/actions/looks.tsx
FN:12,(anonymous_0)
FN:13,(anonymous_1)
FN:45,(anonymous_2)
FN:46,(anonymous_3)
FNF:4
FNH:0
FNDA:0,(anonymous_0)
FNDA:0,(anonymous_1)
FNDA:0,(anonymous_2)
FNDA:0,(anonymous_3)
DA:7,5
DA:8,5
DA:9,5
DA:12,5
DA:13,0
DA:17,0
DA:18,0
DA:19,0
DA:22,0
DA:23,0
DA:24,0
DA:29,0
DA:33,0
DA:34,0
DA:36,0
DA:37,0
DA:40,0
DA:45,5
DA:46,0
DA:47,0
DA:51,0
LF:21
LH:5
BRDA:23,0,0,0
BRDA:23,0,1,0
BRDA:33,1,0,0
BRDA:33,1,1,0
BRDA:33,2,0,0
BRDA:33,2,1,0
BRDA:36,3,0,0
BRDA:36,3,1,0
BRDA:36,4,0,0
BRDA:36,4,1,0
BRF:10
BRH:0
end_of_record
TN:
SF:store/actions/notifications.tsx
FN:16,(anonymous_0)
FN:17,(anonymous_1)
FN:46,(anonymous_2)
FN:47,(anonymous_3)
FN:66,(anonymous_4)
FN:67,(anonymous_5)
FN:83,(anonymous_6)
FN:84,(anonymous_7)
FNF:8
FNH:0
FNDA:0,(anonymous_0)
FNDA:0,(anonymous_1)
FNDA:0,(anonymous_2)
FNDA:0,(anonymous_3)
FNDA:0,(anonymous_4)
FNDA:0,(anonymous_5)
FNDA:0,(anonymous_6)
FNDA:0,(anonymous_7)
DA:9,5
DA:10,5
DA:11,5
DA:12,5
DA:13,5
DA:14,5
DA:16,5
DA:17,0
DA:18,0
DA:19,0
DA:20,0
DA:21,0
DA:24,0
DA:25,0
DA:26,0
DA:27,0
DA:31,0
DA:38,0
DA:41,0
DA:46,5
DA:47,0
DA:48,0
DA:49,0
DA:50,0
DA:51,0
DA:52,0
DA:58,0
DA:61,0
DA:66,5
DA:67,0
DA:68,0
DA:69,0
DA:70,0
DA:71,0
DA:72,0
DA:75,0
DA:78,0
DA:83,5
DA:84,0
DA:85,0
LF:40
LH:10
BRDA:24,0,0,0
BRDA:24,0,1,0
BRDA:26,1,0,0
BRDA:26,1,1,0
BRDA:51,2,0,0
BRDA:51,2,1,0
BRDA:71,3,0,0
BRDA:71,3,1,0
BRF:8
BRH:0
end_of_record
TN:
SF:store/actions/orders.tsx
FN:14,(anonymous_0)
FN:15,(anonymous_1)
FN:37,(anonymous_2)
FN:38,(anonymous_3)
FN:60,(anonymous_4)
FN:61,(anonymous_5)
FNF:6
FNH:0
FNDA:0,(anonymous_0)
FNDA:0,(anonymous_1)
FNDA:0,(anonymous_2)
FNDA:0,(anonymous_3)
FNDA:0,(anonymous_4)
FNDA:0,(anonymous_5)
DA:8,5
DA:9,5
DA:10,5
DA:14,5
DA:15,0
DA:18,0
DA:19,0
DA:20,0
DA:21,0
DA:22,0
DA:23,0
DA:28,0
DA:30,0
DA:32,0
DA:37,5
DA:38,0
DA:41,0
DA:42,0
DA:46,0
DA:47,0
DA:52,0
DA:55,0
DA:60,5
DA:61,0
DA:62,0
DA:63,0
DA:64,0
DA:65,0
DA:66,0
DA:72,0
DA:73,0
DA:74,0
DA:79,0
DA:84,0
DA:88,0
LF:35
LH:6
BRDA:22,0,0,0
BRDA:22,0,1,0
BRDA:46,1,0,0
BRDA:46,1,1,0
BRDA:64,2,0,0
BRDA:64,2,1,0
BRDA:73,3,0,0
BRDA:73,3,1,0
BRF:8
BRH:0
end_of_record
TN:
SF:store/actions/profile.tsx
FN:11,(anonymous_0)
FN:12,(anonymous_1)
FN:30,(anonymous_2)
FN:31,(anonymous_3)
FNF:4
FNH:0
FNDA:0,(anonymous_0)
FNDA:0,(anonymous_1)
FNDA:0,(anonymous_2)
FNDA:0,(anonymous_3)
DA:8,6
DA:9,6
DA:11,6
DA:12,0
DA:13,0
DA:14,0
DA:15,0
DA:16,0
DA:17,0
DA:22,0
DA:25,0
DA:30,6
DA:31,0
DA:32,0
DA:33,0
DA:37,0
DA:38,0
DA:39,0
DA:44,0
DA:47,0
LF:20
LH:4
BRDA:15,0,0,0
BRDA:15,0,1,0
BRDA:38,1,0,0
BRDA:38,1,1,0
BRF:4
BRH:0
end_of_record
TN:
SF:store/actions/search.tsx
FN:10,(anonymous_0)
FN:10,(anonymous_1)
FN:13,(anonymous_2)
FN:48,(anonymous_3)
FN:49,(anonymous_4)
FNF:5
FNH:0
FNDA:0,(anonymous_0)
FNDA:0,(anonymous_1)
FNDA:0,(anonymous_2)
FNDA:0,(anonymous_3)
FNDA:0,(anonymous_4)
DA:5,5
DA:6,5
DA:7,5
DA:10,5
DA:13,0
DA:14,0
DA:15,0
DA:16,0
DA:17,0
DA:18,0
DA:22,0
DA:23,0
DA:24,0
DA:28,0
DA:29,0
DA:30,0
DA:34,0
DA:41,0
DA:48,5
DA:49,0
DA:50,0
DA:51,0
DA:55,0
DA:57,0
DA:63,0
DA:64,0
DA:69,0
DA:74,0
LF:28
LH:5
BRDA:16,0,0,0
BRDA:16,0,1,0
BRDA:29,1,0,0
BRDA:29,1,1,0
BRDA:63,2,0,0
BRDA:63,2,1,0
BRF:6
BRH:0
end_of_record
TN:
SF:store/actions/tags.tsx
FN:8,(anonymous_0)
FN:8,(anonymous_1)
FN:11,(anonymous_2)
FNF:3
FNH:0
FNDA:0,(anonymous_0)
FNDA:0,(anonymous_1)
FNDA:0,(anonymous_2)
DA:5,5
DA:6,5
DA:8,5
DA:11,0
DA:12,0
DA:13,0
DA:14,0
DA:15,0
DA:19,0
DA:20,0
DA:24,0
DA:25,0
DA:30,0
DA:32,0
LF:14
LH:3
BRDA:19,0,0,0
BRDA:19,0,1,0
BRF:2
BRH:0
end_of_record
TN:
SF:styles/Colors/index.tsx
FNF:0
FNH:0
DA:1,8
DA:7,8
DA:14,8
LF:3
LH:3
BRF:0
BRH:0
end_of_record
TN:
SF:styles/Fonts/Fonts.tsx
FNF:0
FNH:0
DA:1,3
LF:1
LH:1
BRF:0
BRH:0
end_of_record
TN:
SF:styles/Fonts/FontsStyles.tsx
FNF:0
FNH:0
DA:4,3
LF:1
LH:1
BRF:0
BRH:0
end_of_record
TN:
SF:styles/Fonts/index.tsx
FNF:0
FNH:0
LF:0
LH:0
BRF:0
BRH:0
end_of_record
TN:
SF:utility/CheckConnection.tsx
FN:3,(anonymous_0)
FN:4,(anonymous_1)
FNF:2
FNH:1
FNDA:4,(anonymous_0)
FNDA:0,(anonymous_1)
DA:3,1
DA:4,4
DA:5,0
LF:3
LH:2
BRF:0
BRH:0
end_of_record
TN:
SF:utility/FaceBookUtil.tsx
FN:5,(anonymous_0)
FNF:1
FNH:0
FNDA:0,(anonymous_0)
DA:5,6
DA:6,0
DA:7,0
DA:8,0
DA:12,0
LF:5
LH:1
BRF:0
BRH:0
end_of_record
TN:
SF:utility/GoogleUtil.tsx
FN:5,(anonymous_0)
FNF:1
FNH:0
FNDA:0,(anonymous_0)
DA:5,6
DA:6,0
DA:7,0
DA:8,0
DA:10,0
DA:17,0
LF:6
LH:1
BRF:0
BRH:0
end_of_record
